INFO:root:Dropping indexes
INFO:root:Postgres: Run `analyze`
INFO:root:Creating partition tables
INFO:root:partitioning the datasets by [(0, 1), (1, 2), (2, 3), (3, 4), (4, 5), (5, 6), (6, 7), (7, 8), (8, 9), (9, 10), (10, 11), (11, 12), (12, 13), (13, 14), (14, 15), (15, 16), (16, 17), (17, 18), (18, 19), (19, 20), (20, 21), (21, 22), (22, 23), (23, 24), (24, 25), (25, 26), (26, 27), (27, 28), (28, 29), (29, 30), (30, 31), (31, 32), (32, 33), (33, 34), (34, 35), (35, 36), (36, 37), (37, 38), (38, 39), (39, 40), (40, 41), (41, 42), (42, 43), (43, 44), (44, 45), (45, 46), (46, 47), (47, 48), (48, 49), (49, 50)]
DEBUG:root:Init selection algorithm
INFO:root:Dropping indexes
DEBUG:root:Init cost evaluation
INFO:root:Cost estimation with actual_runtimes
DEBUG:root:Init WhatIfIndexCreation
INFO:root:Running algorithm {'budget_MB': 500, 'max_index_width': 2, 'partition_num': 50, 'allowed_transformations': ['splitting', 'merging', 'prefixing', 'removal']}
INFO:root:By data skipping index, the number of queries from 354750 to 56893
INFO:root:Calculating best indexes Relaxation
DEBUG:root:Q1
DEBUG:root:Indexable columns: 3
DEBUG:root:Potential indexes: 9
DEBUG:root:Q2
DEBUG:root:Indexable columns: 2
DEBUG:root:Potential indexes: 4
DEBUG:root:Q3
DEBUG:root:Indexable columns: 2
DEBUG:root:Potential indexes: 4
DEBUG:root:Q4
DEBUG:root:Indexable columns: 2
DEBUG:root:Potential indexes: 4
DEBUG:root:Q5
DEBUG:root:Indexable columns: 2
DEBUG:root:Potential indexes: 4
DEBUG:root:Q6
DEBUG:root:Indexable columns: 3
DEBUG:root:Potential indexes: 9
DEBUG:root:Q7
DEBUG:root:Indexable columns: 4
DEBUG:root:Potential indexes: 16
DEBUG:root:Q8
DEBUG:root:Indexable columns: 5
DEBUG:root:Potential indexes: 25
DEBUG:root:Q9
DEBUG:root:Indexable columns: 3
DEBUG:root:Potential indexes: 9
DEBUG:root:Q10
DEBUG:root:Indexable columns: 2
DEBUG:root:Potential indexes: 4
DEBUG:root:Q11
DEBUG:root:Indexable columns: 5
DEBUG:root:Potential indexes: 25
DEBUG:root:Q12
DEBUG:root:Indexable columns: 2
DEBUG:root:Potential indexes: 4
DEBUG:root:Q13
DEBUG:root:Indexable columns: 2
DEBUG:root:Potential indexes: 4
DEBUG:root:Q14
DEBUG:root:Indexable columns: 3
DEBUG:root:Potential indexes: 9
DEBUG:root:Q15
DEBUG:root:Indexable columns: 3
DEBUG:root:Potential indexes: 9
DEBUG:root:Total cost cache hits:	0
DEBUG:root:Total cost requests:		83
DEBUG:root:Cost cache hit ratio:	0.0%
INFO:root:1517.8112199306488 s, cost :8552.0, index_size: 0.0
INFO:root:Partition algorithm : Slalom, partitioning time :1517.8112199306488s, partitioned cost : 8552.0, index algorithm : Relaxation, index_size :143.25, cost : 7609.657000000003, time : 2345.7998831272125
INFO:root:Dropping indexes
INFO:root:Postgres: Run `analyze`
INFO:root:Creating partition tables
INFO:root:partitioning the datasets by [(0, 1), (1, 2), (2, 3), (3, 4), (4, 5), (5, 6), (6, 7), (7, 8), (8, 9), (9, 10), (10, 11), (11, 12), (12, 13), (13, 14), (14, 15), (15, 16), (16, 17), (17, 18), (18, 19), (19, 20), (20, 21), (21, 22), (22, 23), (23, 24), (24, 25), (25, 26), (26, 27), (27, 28), (28, 29), (29, 30), (30, 31), (31, 32), (32, 33), (33, 34), (34, 35), (35, 36), (36, 37), (37, 38), (38, 39), (39, 40), (40, 41), (41, 42), (42, 43), (43, 44), (44, 45), (45, 46), (46, 47), (47, 48), (48, 49), (49, 50)]
DEBUG:root:Init selection algorithm
INFO:root:Dropping indexes
DEBUG:root:Init cost evaluation
INFO:root:Cost estimation with actual_runtimes
DEBUG:root:Init WhatIfIndexCreation
INFO:root:Running algorithm {'budget_MB': 500, 'partition_num': 50, 'max_index_width': 2, 'min_cost_improvement': 1.003}
INFO:root:By data skipping index, the number of queries from 354750 to 56893
INFO:root:Calculating best indexes Slalom
INFO:root:Finish Slalom statistics
INFO:root:588.6157259941101 s, cost :6861.325000000001, index_size: 0.0
INFO:root:0.00016021728515625 s, cost :7912.347999999999, index_size: 2.375
INFO:root:0.00019621849060058594 s, cost :7758.236000000001, index_size: 5.875
INFO:root:0.00016021728515625 s, cost :7942.186000000002, index_size: 7.40625
INFO:root:0.00015997886657714844 s, cost :7973.877, index_size: 11.59375
INFO:root:0.00017571449279785156 s, cost :7333.0509999999995, index_size: 17.21875
INFO:root:0.00017213821411132812 s, cost :7892.424000000002, index_size: 23.59375
INFO:root:0.0001976490020751953 s, cost :7813.479, index_size: 27.3125
INFO:root:0.00017881393432617188 s, cost :7405.913, index_size: 29.75
INFO:root:0.0002205371856689453 s, cost :11177.577000000003, index_size: 30.28125
INFO:root:0.00019621849060058594 s, cost :9290.802, index_size: 34.0
INFO:root:0.0002334117889404297 s, cost :7991.706000000002, index_size: 34.6875
INFO:root:0.00020503997802734375 s, cost :7639.750000000002, index_size: 36.96875
INFO:root:0.00017833709716796875 s, cost :7981.8160000000025, index_size: 39.09375
INFO:root:0.0002968311309814453 s, cost :7788.267000000002, index_size: 39.09375
INFO:root:0.0002593994140625 s, cost :15943.721000000001, index_size: 39.09375
INFO:root:0.00019884109497070312 s, cost :8015.130000000002, index_size: 40.46875
INFO:root:0.00020933151245117188 s, cost :7667.338000000001, index_size: 42.59375
INFO:root:0.0003859996795654297 s, cost :7947.108000000002, index_size: 42.75
INFO:root:0.0002627372741699219 s, cost :10144.769000000002, index_size: 46.03125
INFO:root:0.0003113746643066406 s, cost :8352.314000000002, index_size: 47.9375
INFO:root:0.0003833770751953125 s, cost :7970.696000000001, index_size: 50.0625
INFO:root:0.00027108192443847656 s, cost :10933.976, index_size: 52.1875
INFO:root:0.0002627372741699219 s, cost :7512.9180000000015, index_size: 54.78125
INFO:root:0.00029921531677246094 s, cost :12424.841000000004, index_size: 54.78125
INFO:root:0.00038552284240722656 s, cost :7065.214000000001, index_size: 54.78125
INFO:root:0.0003390312194824219 s, cost :7321.267000000001, index_size: 56.90625
INFO:root:0.0003261566162109375 s, cost :7871.864000000002, index_size: 58.5
INFO:root:0.00020265579223632812 s, cost :10381.984000000002, index_size: 60.9375
INFO:root:0.0003578662872314453 s, cost :8440.654, index_size: 60.9375
INFO:root:0.0002472400665283203 s, cost :7441.27, index_size: 60.9375
INFO:root:0.0004100799560546875 s, cost :9191.353000000003, index_size: 62.0
INFO:root:0.00029587745666503906 s, cost :8436.085000000001, index_size: 62.0
INFO:root:0.0003437995910644531 s, cost :7685.122, index_size: 62.0
INFO:root:0.00032210350036621094 s, cost :8064.5430000000015, index_size: 62.0
INFO:root:0.0003745555877685547 s, cost :8585.461000000001, index_size: 63.59375
INFO:root:0.0003714561462402344 s, cost :7768.929, index_size: 63.59375
INFO:root:0.00032019615173339844 s, cost :7642.470000000001, index_size: 64.65625
INFO:root:0.00037169456481933594 s, cost :7871.838000000002, index_size: 65.5
INFO:root:0.00029850006103515625 s, cost :7500.721, index_size: 67.34375
INFO:root:0.0002722740173339844 s, cost :8152.161000000003, index_size: 67.34375
INFO:root:0.0005173683166503906 s, cost :7942.153000000001, index_size: 67.34375
INFO:root:0.00030684471130371094 s, cost :7469.609, index_size: 68.40625
INFO:root:0.0004336833953857422 s, cost :7967.413000000002, index_size: 68.40625
INFO:root:0.000431060791015625 s, cost :8840.314, index_size: 68.40625
INFO:root:0.0002982616424560547 s, cost :7378.528999999999, index_size: 68.40625
INFO:root:0.0008740425109863281 s, cost :7895.500000000003, index_size: 68.40625
INFO:root:0.0004928112030029297 s, cost :7376.627999999999, index_size: 68.71875
INFO:root:0.00037479400634765625 s, cost :11587.045000000002, index_size: 69.25
INFO:root:0.0004203319549560547 s, cost :7330.827000000001, index_size: 69.25
INFO:root:0.00035190582275390625 s, cost :11515.809000000001, index_size: 69.25
INFO:root:0.0004534721374511719 s, cost :7538.257000000001, index_size: 69.25
INFO:root:0.0003643035888671875 s, cost :9059.362000000003, index_size: 69.25
INFO:root:0.00043654441833496094 s, cost :7837.2490000000025, index_size: 69.25
INFO:root:0.00028634071350097656 s, cost :8152.785000000002, index_size: 69.78125
INFO:root:0.00046443939208984375 s, cost :8491.779000000002, index_size: 69.78125
INFO:root:0.00041294097900390625 s, cost :7409.402999999999, index_size: 69.78125
INFO:root:0.00048661231994628906 s, cost :7424.939000000001, index_size: 69.78125
INFO:root:0.00038313865661621094 s, cost :7385.812, index_size: 69.78125
INFO:root:0.0002846717834472656 s, cost :7634.078000000001, index_size: 70.3125
INFO:root:0.0004565715789794922 s, cost :7852.123000000001, index_size: 70.3125
INFO:root:0.00039839744567871094 s, cost :7753.01, index_size: 70.84375
INFO:root:0.00038242340087890625 s, cost :7996.975000000001, index_size: 70.84375
INFO:root:0.00035834312438964844 s, cost :7991.211000000003, index_size: 70.84375
INFO:root:0.0004532337188720703 s, cost :8280.512000000002, index_size: 71.53125
INFO:root:0.0004944801330566406 s, cost :7764.390000000001, index_size: 71.53125
INFO:root:0.0007302761077880859 s, cost :8962.408000000003, index_size: 71.53125
INFO:root:0.00033211708068847656 s, cost :7794.571000000001, index_size: 71.53125
INFO:root:0.0005106925964355469 s, cost :7594.638000000002, index_size: 71.53125
INFO:root:0.00032973289489746094 s, cost :7811.088000000001, index_size: 71.53125
INFO:root:0.00037670135498046875 s, cost :7912.4410000000025, index_size: 71.53125
INFO:root:0.0005030632019042969 s, cost :7697.673000000001, index_size: 71.53125
INFO:root:0.0005567073822021484 s, cost :7710.497000000001, index_size: 71.53125
INFO:root:0.000476837158203125 s, cost :7488.249999999999, index_size: 71.53125
INFO:root:0.00035762786865234375 s, cost :7921.907, index_size: 72.0625
INFO:root:0.0003669261932373047 s, cost :8069.746000000004, index_size: 72.21875
INFO:root:0.0002994537353515625 s, cost :7846.068000000002, index_size: 72.21875
INFO:root:0.0005075931549072266 s, cost :7533.230000000001, index_size: 72.21875
INFO:root:0.00045299530029296875 s, cost :8022.152000000003, index_size: 72.21875
INFO:root:0.0006449222564697266 s, cost :7998.463000000002, index_size: 72.21875
INFO:root:0.0004711151123046875 s, cost :7995.483, index_size: 72.21875
INFO:root:0.0004611015319824219 s, cost :7888.630999999999, index_size: 72.21875
INFO:root:0.0005056858062744141 s, cost :7321.276999999998, index_size: 72.21875
INFO:root:0.0003368854522705078 s, cost :7789.4230000000025, index_size: 72.21875
INFO:root:0.00028324127197265625 s, cost :7408.408000000001, index_size: 72.21875
INFO:root:0.0005328655242919922 s, cost :7999.531000000001, index_size: 72.21875
INFO:root:0.000431060791015625 s, cost :7854.925000000003, index_size: 72.21875
INFO:root:0.0002951622009277344 s, cost :7649.249000000002, index_size: 72.21875
INFO:root:0.0004367828369140625 s, cost :7692.666000000001, index_size: 72.21875
INFO:root:0.0003380775451660156 s, cost :10324.775000000003, index_size: 72.21875
INFO:root:0.0004744529724121094 s, cost :10097.521000000002, index_size: 72.21875
INFO:root:0.0004012584686279297 s, cost :9380.101000000002, index_size: 72.21875
INFO:root:0.0005695819854736328 s, cost :9700.407000000001, index_size: 72.21875
INFO:root:0.0002567768096923828 s, cost :8742.405, index_size: 72.21875
INFO:root:0.0003840923309326172 s, cost :10065.831000000002, index_size: 72.21875
INFO:root:0.00042748451232910156 s, cost :10303.357, index_size: 72.21875
INFO:root:0.00028634071350097656 s, cost :10004.853000000001, index_size: 72.21875
INFO:root:0.00043082237243652344 s, cost :9885.504, index_size: 72.21875
INFO:root:0.0003905296325683594 s, cost :9405.821, index_size: 72.21875
INFO:root:0.0004734992980957031 s, cost :9522.709, index_size: 72.21875
INFO:root:0.0004968643188476562 s, cost :8297.743, index_size: 72.21875
INFO:root:0.00047469139099121094 s, cost :7960.937000000002, index_size: 72.21875
INFO:root:0.0002949237823486328 s, cost :8701.413000000004, index_size: 72.21875
INFO:root:0.0004763603210449219 s, cost :8486.785000000002, index_size: 72.21875
INFO:root:0.00046944618225097656 s, cost :7979.188000000003, index_size: 72.21875
INFO:root:0.0003502368927001953 s, cost :9565.544, index_size: 72.21875
INFO:root:0.00041866302490234375 s, cost :8365.49, index_size: 72.375
INFO:root:0.0005242824554443359 s, cost :7395.714000000001, index_size: 72.375
INFO:root:0.00036644935607910156 s, cost :7908.905, index_size: 72.375
INFO:root:0.00036978721618652344 s, cost :7793.975000000002, index_size: 72.375
INFO:root:0.0005776882171630859 s, cost :7829.573000000001, index_size: 72.53125
INFO:root:0.0004980564117431641 s, cost :7781.094000000002, index_size: 72.53125
INFO:root:0.0003075599670410156 s, cost :10883.149, index_size: 72.53125
INFO:root:0.00034356117248535156 s, cost :7651.21, index_size: 72.53125
INFO:root:0.00040268898010253906 s, cost :12792.061000000002, index_size: 72.53125
INFO:root:0.00039505958557128906 s, cost :7950.939000000002, index_size: 72.53125
INFO:root:0.0005364418029785156 s, cost :7810.889000000002, index_size: 72.53125
INFO:root:0.00041031837463378906 s, cost :7846.565000000002, index_size: 72.53125
INFO:root:0.0003726482391357422 s, cost :7749.324, index_size: 72.53125
INFO:root:0.0003082752227783203 s, cost :7734.789000000001, index_size: 72.6875
INFO:root:0.0004985332489013672 s, cost :8030.265, index_size: 72.6875
INFO:root:0.0004718303680419922 s, cost :7667.597, index_size: 72.6875
INFO:root:0.00036144256591796875 s, cost :7637.383000000001, index_size: 72.6875
INFO:root:0.0004684925079345703 s, cost :7816.4360000000015, index_size: 72.6875
INFO:root:0.0003533363342285156 s, cost :7814.376, index_size: 72.6875
INFO:root:0.0004100799560546875 s, cost :7541.987999999999, index_size: 72.6875
INFO:root:0.00044345855712890625 s, cost :7550.8330000000005, index_size: 72.6875
INFO:root:0.00048065185546875 s, cost :8544.601000000002, index_size: 72.6875
INFO:root:0.0006706714630126953 s, cost :10040.798000000003, index_size: 72.6875
INFO:root:0.0003609657287597656 s, cost :7592.0520000000015, index_size: 72.6875
INFO:root:0.0004088878631591797 s, cost :7704.862000000002, index_size: 72.6875
INFO:root:0.0005748271942138672 s, cost :7440.427000000001, index_size: 72.6875
INFO:root:0.0005631446838378906 s, cost :7412.321, index_size: 72.6875
INFO:root:0.0004496574401855469 s, cost :7528.051000000001, index_size: 72.6875
INFO:root:0.0004000663757324219 s, cost :11357.844, index_size: 72.6875
INFO:root:0.0004017353057861328 s, cost :7656.598000000001, index_size: 72.6875
INFO:root:0.0004811286926269531 s, cost :7596.291000000001, index_size: 72.6875
INFO:root:0.0003209114074707031 s, cost :7774.322, index_size: 72.6875
INFO:root:0.0003523826599121094 s, cost :8087.964000000002, index_size: 72.6875
INFO:root:0.00034332275390625 s, cost :7908.875000000002, index_size: 72.6875
INFO:root:0.00039958953857421875 s, cost :7678.270000000002, index_size: 72.6875
INFO:root:0.0005228519439697266 s, cost :7781.634000000002, index_size: 72.6875
INFO:root:0.0003952980041503906 s, cost :7792.810000000002, index_size: 72.6875
INFO:root:0.0004928112030029297 s, cost :7922.054000000001, index_size: 72.6875
INFO:root:0.0004775524139404297 s, cost :7995.226000000002, index_size: 72.6875
INFO:root:0.0004131793975830078 s, cost :8329.722000000002, index_size: 72.6875
INFO:root:0.0003876686096191406 s, cost :7713.353000000001, index_size: 72.6875
INFO:root:0.0004062652587890625 s, cost :8192.826000000001, index_size: 72.6875
INFO:root:0.0006878376007080078 s, cost :7543.398000000001, index_size: 72.6875
INFO:root:0.00028204917907714844 s, cost :7532.062999999999, index_size: 72.6875
INFO:root:0.00047016143798828125 s, cost :7712.316000000002, index_size: 72.6875
INFO:root:0.00031685829162597656 s, cost :7593.693000000003, index_size: 72.84375
INFO:root:0.0004181861877441406 s, cost :7655.568000000002, index_size: 72.84375
INFO:root:0.0003170967102050781 s, cost :7585.190000000001, index_size: 72.84375
INFO:root:0.00039649009704589844 s, cost :7740.897000000002, index_size: 72.84375
INFO:root:0.0003726482391357422 s, cost :7317.2480000000005, index_size: 72.84375
INFO:root:0.0005321502685546875 s, cost :7493.526000000001, index_size: 72.84375
INFO:root:0.0005671977996826172 s, cost :7470.3679999999995, index_size: 72.84375
INFO:root:0.0005552768707275391 s, cost :7460.552000000001, index_size: 72.84375
INFO:root:0.00037670135498046875 s, cost :7570.434, index_size: 72.84375
INFO:root:0.0006690025329589844 s, cost :7441.991999999999, index_size: 72.84375
INFO:root:0.0005083084106445312 s, cost :7686.520000000001, index_size: 72.84375
INFO:root:0.007980823516845703 s, cost :8256.444000000001, index_size: 72.84375
INFO:root:0.00026798248291015625 s, cost :7478.338, index_size: 72.84375
INFO:root:0.0004267692565917969 s, cost :7256.277, index_size: 72.84375
INFO:root:0.0005886554718017578 s, cost :7392.323, index_size: 72.84375
INFO:root:0.00026798248291015625 s, cost :7326.176, index_size: 72.84375
INFO:root:0.0003840923309326172 s, cost :7758.372000000002, index_size: 72.84375
INFO:root:0.0004374980926513672 s, cost :7080.415000000002, index_size: 72.84375
INFO:root:0.0002567768096923828 s, cost :7411.443, index_size: 72.84375
INFO:root:0.000499725341796875 s, cost :7467.552000000001, index_size: 72.84375
INFO:root:0.0002753734588623047 s, cost :7426.197, index_size: 72.84375
INFO:root:0.00040459632873535156 s, cost :7194.366, index_size: 72.84375
INFO:root:0.0003638267517089844 s, cost :7666.076000000003, index_size: 72.84375
INFO:root:0.0003719329833984375 s, cost :7461.963, index_size: 72.84375
INFO:root:0.0003876686096191406 s, cost :9013.932, index_size: 72.84375
INFO:root:0.000579833984375 s, cost :7205.766999999999, index_size: 72.84375
INFO:root:0.00043892860412597656 s, cost :8699.12, index_size: 72.84375
INFO:root:0.0004279613494873047 s, cost :8291.985, index_size: 72.84375
INFO:root:0.0005621910095214844 s, cost :7251.785999999998, index_size: 72.84375
INFO:root:0.0006415843963623047 s, cost :7531.170999999999, index_size: 72.84375
INFO:root:0.000484466552734375 s, cost :8427.491000000002, index_size: 72.84375
INFO:root:0.0004189014434814453 s, cost :7665.268, index_size: 72.84375
INFO:root:0.0003750324249267578 s, cost :7421.86, index_size: 72.84375
INFO:root:0.00039386749267578125 s, cost :7539.952000000002, index_size: 72.84375
INFO:root:0.0005168914794921875 s, cost :8601.663000000002, index_size: 72.84375
INFO:root:0.00038623809814453125 s, cost :7784.750000000001, index_size: 72.84375
INFO:root:0.00042510032653808594 s, cost :8812.132000000001, index_size: 72.84375
INFO:root:0.0004329681396484375 s, cost :7350.573, index_size: 72.84375
INFO:root:0.0004553794860839844 s, cost :7915.493000000001, index_size: 72.84375
INFO:root:0.00047397613525390625 s, cost :7495.991000000002, index_size: 72.84375
INFO:root:0.0005786418914794922 s, cost :7181.490999999999, index_size: 72.84375
INFO:root:0.0004220008850097656 s, cost :8133.083000000001, index_size: 72.84375
INFO:root:0.0005309581756591797 s, cost :7491.525999999999, index_size: 72.84375
INFO:root:0.0003991127014160156 s, cost :8671.259000000002, index_size: 72.84375
INFO:root:0.00044035911560058594 s, cost :8926.271000000002, index_size: 72.84375
INFO:root:0.00047850608825683594 s, cost :7505.556, index_size: 72.84375
INFO:root:0.0005526542663574219 s, cost :7416.2480000000005, index_size: 72.84375
INFO:root:0.00031828880310058594 s, cost :8829.536000000004, index_size: 72.84375
INFO:root:0.0002779960632324219 s, cost :8490.709000000003, index_size: 72.84375
INFO:root:0.00029540061950683594 s, cost :7553.304, index_size: 72.84375
INFO:root:0.00044226646423339844 s, cost :8858.329000000002, index_size: 72.84375
INFO:root:0.0005741119384765625 s, cost :7388.7029999999995, index_size: 72.84375
INFO:root:0.0003917217254638672 s, cost :12051.896000000002, index_size: 72.84375
INFO:root:0.0005927085876464844 s, cost :8178.446000000002, index_size: 72.84375
INFO:root:0.0004265308380126953 s, cost :7859.946000000003, index_size: 72.84375
INFO:root:0.00034737586975097656 s, cost :11226.169999999998, index_size: 72.84375
INFO:root:0.00020766258239746094 s, cost :7530.548000000002, index_size: 72.84375
INFO:root:0.0003762245178222656 s, cost :8460.813000000002, index_size: 72.84375
INFO:root:0.0005266666412353516 s, cost :7609.629000000002, index_size: 72.84375
INFO:root:0.0006608963012695312 s, cost :7694.777000000002, index_size: 72.84375
INFO:root:0.0002925395965576172 s, cost :7825.230000000002, index_size: 72.84375
INFO:root:0.0004429817199707031 s, cost :7508.875000000001, index_size: 72.84375
INFO:root:0.0003001689910888672 s, cost :7933.341000000003, index_size: 72.84375
INFO:root:0.0004799365997314453 s, cost :7358.267999999998, index_size: 72.84375
INFO:root:0.0005092620849609375 s, cost :7505.283, index_size: 72.84375
INFO:root:0.0005359649658203125 s, cost :7495.502999999999, index_size: 72.84375
INFO:root:0.00045490264892578125 s, cost :7518.440999999999, index_size: 72.84375
INFO:root:0.0004534721374511719 s, cost :7436.929999999999, index_size: 72.84375
INFO:root:0.0005228519439697266 s, cost :7979.837, index_size: 72.84375
INFO:root:0.00044798851013183594 s, cost :7214.7, index_size: 72.84375
INFO:root:0.0004417896270751953 s, cost :7222.677000000001, index_size: 72.84375
INFO:root:0.0004622936248779297 s, cost :7272.222, index_size: 72.84375
INFO:root:0.00048804283142089844 s, cost :7556.16, index_size: 72.84375
INFO:root:0.00042319297790527344 s, cost :10441.528, index_size: 72.84375
INFO:root:0.00028228759765625 s, cost :7603.715999999999, index_size: 72.84375
INFO:root:0.0004229545593261719 s, cost :7622.853, index_size: 72.84375
INFO:root:0.0003528594970703125 s, cost :7550.019000000002, index_size: 72.84375
INFO:root:0.0005424022674560547 s, cost :7622.774, index_size: 72.84375
INFO:root:0.0005543231964111328 s, cost :7916.1680000000015, index_size: 72.84375
INFO:root:0.00047206878662109375 s, cost :7481.194, index_size: 72.84375
INFO:root:0.0003674030303955078 s, cost :7596.151000000001, index_size: 72.84375
INFO:root:0.0003323554992675781 s, cost :7801.245000000001, index_size: 72.84375
INFO:root:0.00045228004455566406 s, cost :8377.838000000002, index_size: 72.84375
INFO:root:0.0004076957702636719 s, cost :8685.117999999999, index_size: 72.84375
INFO:root:0.00039768218994140625 s, cost :7776.145000000001, index_size: 72.84375
INFO:root:0.00047850608825683594 s, cost :15319.387000000002, index_size: 72.84375
INFO:root:0.0003974437713623047 s, cost :8006.354000000002, index_size: 72.84375
INFO:root:0.00029754638671875 s, cost :7675.643999999998, index_size: 72.84375
INFO:root:0.0003170967102050781 s, cost :7476.157, index_size: 72.84375
INFO:root:0.0004634857177734375 s, cost :7707.764, index_size: 72.84375
INFO:root:0.0005440711975097656 s, cost :8464.959, index_size: 72.84375
INFO:root:0.0008373260498046875 s, cost :10974.825, index_size: 72.84375
INFO:root:0.0009686946868896484 s, cost :9848.581000000002, index_size: 72.84375
INFO:root:0.00048065185546875 s, cost :8557.921000000002, index_size: 72.84375
INFO:root:0.00029969215393066406 s, cost :9987.325, index_size: 72.84375
INFO:root:0.001138448715209961 s, cost :11717.177, index_size: 72.84375
INFO:root:0.0004184246063232422 s, cost :7493.017000000002, index_size: 72.84375
INFO:root:0.0004189014434814453 s, cost :12172.822000000002, index_size: 72.84375
INFO:root:0.0006592273712158203 s, cost :7256.013999999999, index_size: 72.84375
INFO:root:0.0008282661437988281 s, cost :8731.802000000003, index_size: 72.84375
INFO:root:0.00045228004455566406 s, cost :9355.701000000001, index_size: 72.84375
INFO:root:0.0006594657897949219 s, cost :8532.508000000003, index_size: 72.84375
INFO:root:0.0005965232849121094 s, cost :11182.961000000005, index_size: 72.84375
INFO:root:0.0003666877746582031 s, cost :7603.892000000001, index_size: 72.84375
INFO:root:0.00038433074951171875 s, cost :7864.315000000004, index_size: 72.84375
INFO:root:0.0004582405090332031 s, cost :7321.568000000001, index_size: 72.84375
INFO:root:0.0008361339569091797 s, cost :7644.437000000001, index_size: 72.84375
INFO:root:0.000301361083984375 s, cost :7800.107000000002, index_size: 72.84375
INFO:root:0.0003523826599121094 s, cost :7989.693000000002, index_size: 72.84375
INFO:root:0.0006361007690429688 s, cost :8535.155, index_size: 72.84375
INFO:root:0.0003218650817871094 s, cost :7738.543000000002, index_size: 72.84375
INFO:root:0.0004892349243164062 s, cost :10320.383000000003, index_size: 72.84375
INFO:root:0.0006008148193359375 s, cost :7852.549000000003, index_size: 72.84375
INFO:root:0.00032448768615722656 s, cost :7695.990000000001, index_size: 72.84375
INFO:root:0.0004076957702636719 s, cost :7327.333, index_size: 72.84375
INFO:root:0.0008122920989990234 s, cost :7624.866000000001, index_size: 72.84375
INFO:root:0.00028133392333984375 s, cost :7432.002, index_size: 72.84375
INFO:root:0.00036072731018066406 s, cost :7318.930999999999, index_size: 72.84375
INFO:root:0.0007164478302001953 s, cost :7649.014000000001, index_size: 72.84375
INFO:root:0.0001933574676513672 s, cost :7288.34, index_size: 72.84375
INFO:root:0.0002968311309814453 s, cost :7740.742000000001, index_size: 72.84375
INFO:root:0.0003521442413330078 s, cost :8278.138, index_size: 72.84375
INFO:root:0.00038433074951171875 s, cost :7257.1849999999995, index_size: 72.84375
INFO:root:0.0007910728454589844 s, cost :7739.406000000002, index_size: 72.84375
INFO:root:0.0006208419799804688 s, cost :7373.842000000001, index_size: 72.84375
INFO:root:0.00039887428283691406 s, cost :7542.408, index_size: 72.84375
INFO:root:0.0006489753723144531 s, cost :7398.428000000001, index_size: 72.84375
INFO:root:0.00040268898010253906 s, cost :7948.013000000001, index_size: 72.84375
INFO:root:0.0004956722259521484 s, cost :7791.328000000001, index_size: 72.84375
INFO:root:0.00044226646423339844 s, cost :7538.835, index_size: 72.84375
INFO:root:0.0004248619079589844 s, cost :8978.624, index_size: 72.84375
INFO:root:0.00023984909057617188 s, cost :7582.450999999998, index_size: 72.84375
INFO:root:0.0005118846893310547 s, cost :8206.494999999999, index_size: 72.84375
INFO:root:0.00045752525329589844 s, cost :8789.342000000002, index_size: 72.84375
INFO:root:0.0004754066467285156 s, cost :7680.789000000002, index_size: 72.84375
INFO:root:0.0007915496826171875 s, cost :7409.534000000001, index_size: 72.84375
INFO:root:0.0004124641418457031 s, cost :7274.262, index_size: 72.84375
INFO:root:0.0004100799560546875 s, cost :8041.27, index_size: 72.84375
INFO:root:0.00041866302490234375 s, cost :8189.703000000003, index_size: 72.84375
INFO:root:0.000423431396484375 s, cost :7545.351000000001, index_size: 72.84375
INFO:root:0.0008516311645507812 s, cost :7759.033999999999, index_size: 72.84375
INFO:root:0.0003402233123779297 s, cost :7897.256000000001, index_size: 72.84375
INFO:root:0.0004153251647949219 s, cost :7304.172000000002, index_size: 72.84375
INFO:root:0.0003180503845214844 s, cost :7474.059000000002, index_size: 72.84375
INFO:root:0.0003299713134765625 s, cost :7757.4839999999995, index_size: 72.84375
INFO:root:0.0004215240478515625 s, cost :7696.884, index_size: 72.84375
INFO:root:0.0004508495330810547 s, cost :7406.86, index_size: 72.84375
INFO:root:0.0004315376281738281 s, cost :7821.480000000002, index_size: 72.84375
INFO:root:0.0004506111145019531 s, cost :7542.727000000001, index_size: 72.84375
INFO:root:0.0004165172576904297 s, cost :7729.695000000001, index_size: 72.84375
INFO:root:0.0006530284881591797 s, cost :7494.721999999999, index_size: 72.84375
INFO:root:0.00028228759765625 s, cost :7643.058000000001, index_size: 72.84375
INFO:root:0.00040531158447265625 s, cost :7470.024, index_size: 72.84375
INFO:root:0.000385284423828125 s, cost :7433.767, index_size: 72.84375
INFO:root:0.00034046173095703125 s, cost :7746.1050000000005, index_size: 72.84375
INFO:root:0.0004749298095703125 s, cost :8869.223, index_size: 72.84375
INFO:root:0.0005285739898681641 s, cost :10112.889000000003, index_size: 72.84375
INFO:root:0.0004885196685791016 s, cost :7640.796000000002, index_size: 72.84375
INFO:root:0.00046062469482421875 s, cost :8907.714000000004, index_size: 72.84375
INFO:root:0.0005414485931396484 s, cost :9888.661000000002, index_size: 72.84375
INFO:root:0.0006194114685058594 s, cost :7628.448, index_size: 72.84375
INFO:root:0.0005583763122558594 s, cost :10134.353, index_size: 72.84375
INFO:root:0.000247955322265625 s, cost :10054.782, index_size: 72.84375
INFO:root:0.00023889541625976562 s, cost :7718.615999999998, index_size: 72.84375
INFO:root:0.0004181861877441406 s, cost :12140.604999999998, index_size: 72.84375
INFO:root:0.00033593177795410156 s, cost :7507.604000000001, index_size: 72.84375
INFO:root:0.00043082237243652344 s, cost :9517.614000000001, index_size: 72.84375
INFO:root:0.00025177001953125 s, cost :11007.539, index_size: 72.84375
INFO:root:0.0004208087921142578 s, cost :7312.76, index_size: 72.84375
INFO:root:0.00046372413635253906 s, cost :7652.035000000002, index_size: 72.84375
INFO:root:0.0004076957702636719 s, cost :7399.066999999999, index_size: 72.84375
INFO:root:0.0004031658172607422 s, cost :7153.834, index_size: 72.84375
INFO:root:0.0003292560577392578 s, cost :7093.967000000001, index_size: 72.84375
INFO:root:0.0003933906555175781 s, cost :6735.424, index_size: 72.84375
INFO:root:0.0003743171691894531 s, cost :6966.616000000002, index_size: 72.84375
INFO:root:0.00033164024353027344 s, cost :6982.093999999998, index_size: 72.84375
INFO:root:0.00045561790466308594 s, cost :7283.323000000002, index_size: 72.84375
INFO:root:0.0005753040313720703 s, cost :7012.7119999999995, index_size: 72.84375
INFO:root:0.00029921531677246094 s, cost :6951.189, index_size: 72.84375
INFO:root:0.0003268718719482422 s, cost :7002.827, index_size: 72.84375
INFO:root:0.00032138824462890625 s, cost :7266.328000000001, index_size: 72.84375
INFO:root:0.0006618499755859375 s, cost :7286.639000000001, index_size: 72.84375
INFO:root:0.0004138946533203125 s, cost :7328.205000000001, index_size: 72.84375
INFO:root:0.00031685829162597656 s, cost :7584.999, index_size: 72.84375
INFO:root:0.00029921531677246094 s, cost :7895.407, index_size: 72.84375
INFO:root:0.00048422813415527344 s, cost :7898.413000000003, index_size: 72.84375
INFO:root:0.000377655029296875 s, cost :7634.172000000002, index_size: 72.84375
INFO:root:0.0003066062927246094 s, cost :7721.352000000002, index_size: 72.84375
INFO:root:0.0004203319549560547 s, cost :7807.283000000001, index_size: 72.84375
INFO:root:0.0003514289855957031 s, cost :7937.040000000001, index_size: 72.84375
INFO:root:0.0005321502685546875 s, cost :7321.751, index_size: 72.84375
INFO:root:0.0004291534423828125 s, cost :7428.164000000002, index_size: 72.84375
INFO:root:0.00044155120849609375 s, cost :7703.465000000002, index_size: 72.84375
INFO:root:0.0003993511199951172 s, cost :7630.853000000001, index_size: 72.84375
INFO:root:0.0004448890686035156 s, cost :7744.014000000002, index_size: 72.84375
INFO:root:0.00041794776916503906 s, cost :7897.801000000001, index_size: 72.84375
INFO:root:0.00043582916259765625 s, cost :9335.491000000002, index_size: 72.84375
INFO:root:0.0004973411560058594 s, cost :10021.480000000001, index_size: 72.84375
INFO:root:0.0007114410400390625 s, cost :10306.455, index_size: 72.84375
INFO:root:0.00030922889709472656 s, cost :10698.697000000002, index_size: 72.84375
INFO:root:0.0003981590270996094 s, cost :10245.916000000003, index_size: 72.84375
INFO:root:0.00033593177795410156 s, cost :10229.212000000001, index_size: 72.84375
INFO:root:0.0005228519439697266 s, cost :10492.708, index_size: 72.84375
INFO:root:0.0003833770751953125 s, cost :7897.948000000002, index_size: 72.84375
INFO:root:0.0005173683166503906 s, cost :7802.130000000001, index_size: 72.84375
INFO:root:0.00047898292541503906 s, cost :7702.526000000002, index_size: 72.84375
INFO:root:0.0004069805145263672 s, cost :8202.389000000001, index_size: 72.84375
INFO:root:0.0004203319549560547 s, cost :7577.728000000003, index_size: 72.84375
INFO:root:0.0004775524139404297 s, cost :7494.498, index_size: 72.84375
INFO:root:0.0003848075866699219 s, cost :7782.810000000001, index_size: 72.84375
INFO:root:0.0002505779266357422 s, cost :8003.5380000000005, index_size: 72.84375
INFO:root:0.0003514289855957031 s, cost :7837.780000000001, index_size: 72.84375
INFO:root:0.0004889965057373047 s, cost :7815.350000000001, index_size: 72.84375
INFO:root:0.00036907196044921875 s, cost :7910.554000000001, index_size: 72.84375
INFO:root:0.00048351287841796875 s, cost :7576.356000000002, index_size: 72.84375
INFO:root:0.0005018711090087891 s, cost :7593.6720000000005, index_size: 72.84375
INFO:root:0.00043964385986328125 s, cost :7905.424999999999, index_size: 72.84375
INFO:root:0.00035452842712402344 s, cost :7858.230000000001, index_size: 72.84375
INFO:root:0.0003552436828613281 s, cost :8595.179000000002, index_size: 72.84375
INFO:root:0.0005769729614257812 s, cost :7797.162000000001, index_size: 72.84375
INFO:root:0.0004112720489501953 s, cost :7635.889000000001, index_size: 72.84375
INFO:root:0.0004987716674804688 s, cost :14276.279999999997, index_size: 72.84375
INFO:root:0.0006577968597412109 s, cost :11594.613, index_size: 72.84375
INFO:root:0.0005040168762207031 s, cost :9546.041000000001, index_size: 72.84375
INFO:root:0.00046634674072265625 s, cost :8758.912, index_size: 72.84375
INFO:root:0.00038433074951171875 s, cost :7687.478000000002, index_size: 72.84375
INFO:root:0.0004956722259521484 s, cost :9580.948, index_size: 72.84375
INFO:root:0.0001800060272216797 s, cost :8043.608000000001, index_size: 72.84375
INFO:root:0.00031113624572753906 s, cost :8286.057000000003, index_size: 72.84375
INFO:root:0.00041365623474121094 s, cost :10912.912, index_size: 72.84375
INFO:root:0.0004897117614746094 s, cost :10520.124, index_size: 72.84375
INFO:root:0.0004534721374511719 s, cost :7489.567, index_size: 72.84375
INFO:root:0.0002665519714355469 s, cost :8173.845000000003, index_size: 72.84375
INFO:root:0.0005230903625488281 s, cost :9162.741000000004, index_size: 72.84375
INFO:root:0.00048351287841796875 s, cost :9458.500000000002, index_size: 72.84375
INFO:root:0.0004100799560546875 s, cost :7712.528, index_size: 72.84375
INFO:root:0.00040912628173828125 s, cost :7550.5289999999995, index_size: 72.84375
INFO:root:0.0004391670227050781 s, cost :7915.5650000000005, index_size: 72.84375
INFO:root:0.0004940032958984375 s, cost :7161.071, index_size: 72.84375
INFO:root:0.00045418739318847656 s, cost :7546.093000000001, index_size: 72.84375
INFO:root:0.0003910064697265625 s, cost :7204.257, index_size: 72.84375
INFO:root:0.0003933906555175781 s, cost :7145.144, index_size: 72.84375
INFO:root:0.00039696693420410156 s, cost :7315.295, index_size: 72.84375
INFO:root:0.00047850608825683594 s, cost :7418.902, index_size: 72.84375
INFO:root:0.00044727325439453125 s, cost :7612.346, index_size: 72.84375
INFO:root:0.00044989585876464844 s, cost :7404.684, index_size: 72.84375
INFO:root:0.000415802001953125 s, cost :7778.820000000001, index_size: 72.84375
INFO:root:0.0004982948303222656 s, cost :7251.709000000001, index_size: 72.84375
INFO:root:0.00039696693420410156 s, cost :7502.965999999999, index_size: 72.84375
INFO:root:0.0004749298095703125 s, cost :7580.602000000002, index_size: 72.84375
INFO:root:0.00032901763916015625 s, cost :7549.051999999998, index_size: 72.84375
INFO:root:0.0003600120544433594 s, cost :7935.330000000003, index_size: 72.84375
INFO:root:0.00035881996154785156 s, cost :7585.309, index_size: 72.84375
INFO:root:0.0004398822784423828 s, cost :7601.336000000003, index_size: 72.84375
INFO:root:0.0005939006805419922 s, cost :7426.405, index_size: 72.84375
INFO:root:0.0003581047058105469 s, cost :7532.663, index_size: 72.84375
INFO:root:0.0005266666412353516 s, cost :8049.594000000003, index_size: 72.84375
INFO:root:0.0004942417144775391 s, cost :7703.851000000001, index_size: 72.84375
INFO:root:0.0006992816925048828 s, cost :7586.694000000001, index_size: 72.84375
INFO:root:0.0004723072052001953 s, cost :8277.491, index_size: 72.84375
INFO:root:0.0002357959747314453 s, cost :7828.749000000001, index_size: 72.84375
INFO:root:0.0004818439483642578 s, cost :7835.989000000002, index_size: 72.84375
INFO:root:0.0004360675811767578 s, cost :7748.546, index_size: 72.84375
INFO:root:0.00038170814514160156 s, cost :7743.994000000004, index_size: 72.84375
INFO:root:0.00052642822265625 s, cost :7725.973000000002, index_size: 72.84375
INFO:root:0.00035858154296875 s, cost :7758.880000000002, index_size: 72.84375
INFO:root:0.00044155120849609375 s, cost :8291.107000000002, index_size: 72.84375
INFO:root:0.0005471706390380859 s, cost :7621.704000000001, index_size: 72.84375
INFO:root:0.0005376338958740234 s, cost :7811.283000000001, index_size: 72.84375
INFO:root:0.0003490447998046875 s, cost :7765.626000000002, index_size: 72.84375
INFO:root:0.00036334991455078125 s, cost :7492.221000000002, index_size: 72.84375
INFO:root:0.0004467964172363281 s, cost :7417.647000000002, index_size: 72.84375
INFO:root:0.0003540515899658203 s, cost :7711.424000000003, index_size: 72.84375
INFO:root:0.00046443939208984375 s, cost :7461.178000000002, index_size: 72.84375
INFO:root:0.0003521442413330078 s, cost :7943.151000000002, index_size: 72.84375
INFO:root:0.00045871734619140625 s, cost :7462.467000000001, index_size: 72.84375
INFO:root:0.0003218650817871094 s, cost :7486.883, index_size: 72.84375
INFO:root:0.0002562999725341797 s, cost :7444.678999999999, index_size: 72.84375
INFO:root:0.0004680156707763672 s, cost :7357.389999999999, index_size: 72.84375
INFO:root:0.00034618377685546875 s, cost :7828.398000000002, index_size: 72.84375
INFO:root:0.00032711029052734375 s, cost :7523.1640000000025, index_size: 72.84375
INFO:root:0.0003039836883544922 s, cost :10412.635000000002, index_size: 72.84375
INFO:root:0.0002655982971191406 s, cost :7658.697000000002, index_size: 72.84375
INFO:root:0.0003764629364013672 s, cost :7579.178, index_size: 72.84375
INFO:root:0.0004954338073730469 s, cost :7759.157000000003, index_size: 72.84375
INFO:root:0.0005137920379638672 s, cost :8629.361, index_size: 72.84375
INFO:root:0.00047206878662109375 s, cost :7623.912000000001, index_size: 72.84375
INFO:root:0.00042510032653808594 s, cost :7955.566000000002, index_size: 72.84375
INFO:root:0.00045108795166015625 s, cost :7884.029000000001, index_size: 72.84375
INFO:root:0.0004870891571044922 s, cost :10156.834000000003, index_size: 72.84375
INFO:root:0.000331878662109375 s, cost :7618.884, index_size: 72.84375
INFO:root:0.0004494190216064453 s, cost :7680.012000000001, index_size: 72.84375
INFO:root:0.00048613548278808594 s, cost :7449.566000000001, index_size: 72.84375
INFO:root:0.00025582313537597656 s, cost :9363.339, index_size: 72.84375
INFO:root:0.0004622936248779297 s, cost :10553.223, index_size: 72.84375
INFO:root:0.0005733966827392578 s, cost :8421.353000000003, index_size: 72.84375
INFO:root:0.00021266937255859375 s, cost :7867.866000000004, index_size: 72.84375
INFO:root:0.00041866302490234375 s, cost :9690.107000000004, index_size: 72.84375
INFO:root:0.0005578994750976562 s, cost :7263.034, index_size: 72.84375
INFO:root:0.0004394054412841797 s, cost :9057.667, index_size: 72.84375
INFO:root:0.0005185604095458984 s, cost :18146.355000000003, index_size: 72.84375
INFO:root:0.00031566619873046875 s, cost :7973.569, index_size: 72.84375
INFO:root:0.000431060791015625 s, cost :10827.296000000002, index_size: 72.84375
INFO:root:0.0006103515625 s, cost :9972.249000000003, index_size: 72.84375
INFO:root:0.0003628730773925781 s, cost :8465.118, index_size: 72.84375
INFO:root:0.00035881996154785156 s, cost :10775.593000000003, index_size: 72.84375
INFO:root:0.00046753883361816406 s, cost :8256.228000000001, index_size: 72.84375
INFO:root:0.0002503395080566406 s, cost :7890.786999999999, index_size: 72.84375
INFO:root:0.00038123130798339844 s, cost :10580.804000000004, index_size: 72.84375
INFO:root:0.0005970001220703125 s, cost :7709.848000000004, index_size: 72.84375
INFO:root:0.0004773139953613281 s, cost :7597.841000000001, index_size: 72.84375
INFO:root:0.000598907470703125 s, cost :10619.870000000004, index_size: 72.84375
INFO:root:0.0005013942718505859 s, cost :8651.641, index_size: 72.84375
INFO:root:0.0003681182861328125 s, cost :16567.913, index_size: 72.84375
INFO:root:0.0005171298980712891 s, cost :9446.436000000002, index_size: 72.84375
INFO:root:0.0003364086151123047 s, cost :11440.054, index_size: 72.84375
INFO:root:0.00034546852111816406 s, cost :9687.292, index_size: 72.84375
INFO:root:0.00028014183044433594 s, cost :7532.911, index_size: 72.84375
INFO:root:0.0005996227264404297 s, cost :9421.268000000002, index_size: 72.84375
INFO:root:0.000392913818359375 s, cost :8143.15, index_size: 72.84375
INFO:root:0.0004100799560546875 s, cost :10735.133000000003, index_size: 72.84375
INFO:root:0.0002727508544921875 s, cost :8796.730000000001, index_size: 72.84375
INFO:root:0.0005152225494384766 s, cost :7394.881000000001, index_size: 72.84375
INFO:root:0.0004878044128417969 s, cost :14664.646000000002, index_size: 72.84375
INFO:root:0.00037217140197753906 s, cost :7231.111, index_size: 72.84375
INFO:root:0.0006172657012939453 s, cost :7372.794, index_size: 72.84375
INFO:root:0.0003952980041503906 s, cost :7314.6990000000005, index_size: 72.84375
INFO:root:0.0003552436828613281 s, cost :7609.772000000002, index_size: 72.84375
INFO:root:0.0004267692565917969 s, cost :8162.772000000001, index_size: 72.84375
INFO:root:0.00025272369384765625 s, cost :7631.092000000003, index_size: 72.84375
INFO:root:0.0004878044128417969 s, cost :7314.042, index_size: 72.84375
INFO:root:0.0005192756652832031 s, cost :7102.915000000002, index_size: 72.84375
INFO:root:0.0003571510314941406 s, cost :7535.413000000002, index_size: 72.84375
INFO:root:0.0006506443023681641 s, cost :10250.297, index_size: 72.84375
INFO:root:0.0003063678741455078 s, cost :7491.599, index_size: 72.84375
INFO:root:0.0005245208740234375 s, cost :8350.475000000002, index_size: 72.84375
INFO:root:0.0004267692565917969 s, cost :7269.143000000001, index_size: 72.84375
INFO:root:0.0005037784576416016 s, cost :7273.616, index_size: 72.84375
INFO:root:0.0004220008850097656 s, cost :8179.940000000004, index_size: 72.84375
INFO:root:0.0005238056182861328 s, cost :7605.450000000002, index_size: 72.84375
INFO:root:0.0002715587615966797 s, cost :7532.854, index_size: 72.84375
INFO:root:0.0005166530609130859 s, cost :8545.469000000001, index_size: 72.84375
INFO:root:0.0004913806915283203 s, cost :7515.006000000002, index_size: 72.84375
INFO:root:0.00044608116149902344 s, cost :7848.185000000002, index_size: 72.84375
INFO:root:0.0007674694061279297 s, cost :7852.018000000001, index_size: 72.84375
INFO:root:0.00041604042053222656 s, cost :7648.416000000002, index_size: 72.84375
INFO:root:0.0005540847778320312 s, cost :7483.013000000001, index_size: 72.84375
INFO:root:0.0003578662872314453 s, cost :8003.544000000002, index_size: 72.84375
INFO:root:0.00048804283142089844 s, cost :7598.917000000003, index_size: 72.84375
INFO:root:0.0004830360412597656 s, cost :7714.675000000001, index_size: 72.84375
INFO:root:0.0005133152008056641 s, cost :7499.2260000000015, index_size: 72.84375
INFO:root:0.00046706199645996094 s, cost :12170.117000000002, index_size: 72.84375
INFO:root:0.0005090236663818359 s, cost :8008.109000000002, index_size: 72.84375
INFO:root:0.0005528926849365234 s, cost :7739.869000000001, index_size: 72.84375
INFO:root:0.0005373954772949219 s, cost :7853.069, index_size: 72.84375
INFO:root:0.0005779266357421875 s, cost :10939.134999999998, index_size: 72.84375
INFO:root:0.0004267692565917969 s, cost :7919.270000000001, index_size: 72.84375
INFO:root:0.00037288665771484375 s, cost :7344.791000000001, index_size: 72.84375
INFO:root:0.0005347728729248047 s, cost :7993.204000000001, index_size: 72.84375
INFO:root:0.00021338462829589844 s, cost :7274.6320000000005, index_size: 72.84375
INFO:root:0.0002827644348144531 s, cost :8270.788999999999, index_size: 72.84375
INFO:root:0.0002980232238769531 s, cost :7611.130000000002, index_size: 72.84375
INFO:root:0.00046706199645996094 s, cost :8447.889000000003, index_size: 72.84375
INFO:root:0.0004372596740722656 s, cost :7515.352999999999, index_size: 72.84375
INFO:root:0.0003554821014404297 s, cost :9282.612000000001, index_size: 72.84375
INFO:root:0.0004968643188476562 s, cost :7666.651000000002, index_size: 72.84375
INFO:root:0.00047659873962402344 s, cost :8221.208, index_size: 72.84375
INFO:root:0.0005617141723632812 s, cost :8399.172, index_size: 72.84375
INFO:root:0.00043702125549316406 s, cost :7391.386, index_size: 72.84375
INFO:root:0.0004112720489501953 s, cost :8636.609000000002, index_size: 72.84375
INFO:root:0.00046539306640625 s, cost :7623.796000000002, index_size: 72.84375
INFO:root:0.0005078315734863281 s, cost :9414.100000000002, index_size: 72.84375
INFO:root:0.0003960132598876953 s, cost :7932.205000000003, index_size: 72.84375
INFO:root:0.00025725364685058594 s, cost :7643.717999999999, index_size: 72.84375
INFO:root:0.0005116462707519531 s, cost :7619.746000000001, index_size: 72.84375
INFO:root:0.0006349086761474609 s, cost :7778.028000000002, index_size: 72.84375
INFO:root:0.00041413307189941406 s, cost :8502.53, index_size: 72.84375
INFO:root:0.0004489421844482422 s, cost :9204.376000000002, index_size: 72.84375
INFO:root:0.0004169940948486328 s, cost :7535.2300000000005, index_size: 72.84375
INFO:root:0.0005211830139160156 s, cost :7417.2350000000015, index_size: 72.84375
INFO:root:0.00043773651123046875 s, cost :7501.368, index_size: 72.84375
INFO:root:0.0003523826599121094 s, cost :7982.636000000001, index_size: 72.84375
INFO:root:0.0003669261932373047 s, cost :13670.480000000001, index_size: 72.84375
INFO:root:0.0006570816040039062 s, cost :56418.134000000005, index_size: 72.84375
INFO:root:0.0007026195526123047 s, cost :150943.772, index_size: 72.84375
INFO:root:0.0006198883056640625 s, cost :24874.498000000003, index_size: 72.84375
INFO:root:0.0009479522705078125 s, cost :25966.913000000004, index_size: 72.84375
INFO:root:0.0005002021789550781 s, cost :10102.506000000001, index_size: 72.84375
INFO:root:0.00035119056701660156 s, cost :8851.475, index_size: 72.84375
INFO:root:0.0001857280731201172 s, cost :7323.731000000001, index_size: 72.84375
INFO:root:0.00029659271240234375 s, cost :10627.599000000002, index_size: 72.84375
INFO:root:0.0003437995910644531 s, cost :7676.469000000001, index_size: 72.84375
INFO:root:0.0003986358642578125 s, cost :8189.501000000003, index_size: 72.84375
INFO:root:0.0004985332489013672 s, cost :7647.876000000003, index_size: 72.84375
INFO:root:0.0005102157592773438 s, cost :7749.770000000004, index_size: 72.84375
INFO:root:0.0004527568817138672 s, cost :8787.751, index_size: 72.84375
INFO:root:0.00047016143798828125 s, cost :9803.115, index_size: 72.84375
INFO:root:0.0004677772521972656 s, cost :9008.413, index_size: 72.84375
INFO:root:0.000423431396484375 s, cost :8932.871000000001, index_size: 72.84375
INFO:root:0.0004146099090576172 s, cost :11007.061000000002, index_size: 72.84375
INFO:root:0.0004019737243652344 s, cost :9820.061000000002, index_size: 72.84375
INFO:root:0.00037598609924316406 s, cost :8677.758000000002, index_size: 72.84375
INFO:root:0.0004482269287109375 s, cost :9194.910000000003, index_size: 72.84375
INFO:root:0.0002658367156982422 s, cost :9047.186000000002, index_size: 72.84375
INFO:root:0.0004317760467529297 s, cost :10680.363000000001, index_size: 72.84375
INFO:root:0.0003719329833984375 s, cost :9856.854000000001, index_size: 72.84375
INFO:root:0.00031447410583496094 s, cost :9745.653000000002, index_size: 72.84375
INFO:root:0.0004017353057861328 s, cost :9787.426000000001, index_size: 72.84375
INFO:root:0.0004284381866455078 s, cost :7564.911000000001, index_size: 72.84375
INFO:root:0.0003783702850341797 s, cost :9047.387999999999, index_size: 72.84375
INFO:root:0.00041103363037109375 s, cost :8927.984000000002, index_size: 72.84375
INFO:root:0.00033783912658691406 s, cost :11144.376000000002, index_size: 72.84375
INFO:root:0.00044226646423339844 s, cost :9789.817000000001, index_size: 72.84375
INFO:root:0.0008053779602050781 s, cost :7782.273000000003, index_size: 72.84375
INFO:root:0.00035071372985839844 s, cost :9111.981000000002, index_size: 72.84375
INFO:root:0.0005447864532470703 s, cost :8996.908000000003, index_size: 72.84375
INFO:root:0.00029206275939941406 s, cost :9234.336000000001, index_size: 72.84375
INFO:root:0.0004191398620605469 s, cost :7524.360999999999, index_size: 72.84375
INFO:root:0.0002598762512207031 s, cost :8028.444999999999, index_size: 72.84375
INFO:root:0.21256780624389648 s, cost :7594.469000000001, index_size: 72.84375
INFO:root:0.2104337215423584 s, cost :7521.108, index_size: 72.84375
INFO:root:0.21921038627624512 s, cost :7736.352000000002, index_size: 72.84375
INFO:root:0.20166921615600586 s, cost :7896.045000000002, index_size: 72.84375
INFO:root:0.18866729736328125 s, cost :13278.432000000003, index_size: 72.84375
INFO:root:0.1971275806427002 s, cost :10387.578000000001, index_size: 72.84375
INFO:root:0.19116973876953125 s, cost :12815.448, index_size: 72.84375
INFO:root:0.19302988052368164 s, cost :9497.804000000002, index_size: 72.84375
INFO:root:0.20844483375549316 s, cost :11668.899000000003, index_size: 72.84375
INFO:root:0.20905399322509766 s, cost :7675.599000000002, index_size: 72.84375
INFO:root:0.19422054290771484 s, cost :7553.0470000000005, index_size: 72.84375
INFO:root:0.1907978057861328 s, cost :7443.8460000000005, index_size: 72.84375
INFO:root:0.18386387825012207 s, cost :7581.66, index_size: 72.84375
INFO:root:0.18282079696655273 s, cost :8997.871, index_size: 72.84375
INFO:root:0.21474313735961914 s, cost :8408.740000000002, index_size: 72.84375
INFO:root:0.21538639068603516 s, cost :7532.129000000002, index_size: 72.84375
INFO:root:0.19228124618530273 s, cost :7547.509999999999, index_size: 72.84375
INFO:root:0.20010948181152344 s, cost :8361.855000000001, index_size: 72.84375
INFO:root:0.199143648147583 s, cost :7371.738000000001, index_size: 72.84375
INFO:root:Dropping indexes
DEBUG:root:Dropping index supplier_1_prt_p11_s_suppkey_idx
DEBUG:root:Dropping index supplier_1_prt_p41_s_suppkey_idx
DEBUG:root:Dropping index partsupp_1_prt_p43_ps_suppkey_idx
DEBUG:root:Dropping index supplier_1_prt_p28_s_suppkey_idx
DEBUG:root:Dropping index supplier_1_prt_p41_s_nationkey_idx
DEBUG:root:Dropping index partsupp_1_prt_p43_ps_availqty_idx
DEBUG:root:Dropping index supplier_1_prt_p4_s_suppkey_idx
DEBUG:root:Dropping index partsupp_1_prt_p43_ps_supplycost_idx
DEBUG:root:Dropping index partsupp_1_prt_p4_ps_partkey_idx
DEBUG:root:Dropping index partsupp_1_prt_p21_ps_availqty_idx
DEBUG:root:Dropping index supplier_1_prt_p49_s_acctbal_idx
DEBUG:root:Dropping index partsupp_1_prt_p4_ps_availqty_idx
DEBUG:root:Dropping index partsupp_1_prt_p40_ps_availqty_idx
DEBUG:root:Dropping index partsupp_1_prt_p4_ps_supplycost_idx
DEBUG:root:Dropping index partsupp_1_prt_p40_ps_supplycost_idx
DEBUG:root:Dropping index supplier_1_prt_p49_s_nationkey_idx
DEBUG:root:Dropping index supplier_1_prt_p20_s_nationkey_idx
DEBUG:root:Dropping index partsupp_1_prt_p3_ps_partkey_idx
DEBUG:root:Dropping index supplier_1_prt_p20_s_acctbal_idx
DEBUG:root:Dropping index supplier_1_prt_p20_s_suppkey_idx
DEBUG:root:Dropping index partsupp_1_prt_p3_ps_supplycost_idx
DEBUG:root:Dropping index supplier_1_prt_p12_s_suppkey_idx
DEBUG:root:Dropping index partsupp_1_prt_p14_ps_partkey_idx
DEBUG:root:Dropping index partsupp_1_prt_p35_ps_suppkey_idx
DEBUG:root:Dropping index partsupp_1_prt_p18_ps_suppkey_idx
DEBUG:root:Dropping index supplier_1_prt_p12_s_nationkey_idx
DEBUG:root:Dropping index partsupp_1_prt_p35_ps_partkey_idx
DEBUG:root:Dropping index partsupp_1_prt_p14_ps_supplycost_idx
DEBUG:root:Dropping index supplier_1_prt_p12_s_acctbal_idx
DEBUG:root:Dropping index partsupp_1_prt_p35_ps_availqty_idx
DEBUG:root:Dropping index partsupp_1_prt_p35_ps_supplycost_idx
DEBUG:root:Dropping index partsupp_1_prt_p23_ps_availqty_idx
DEBUG:root:Dropping index partsupp_1_prt_p32_ps_availqty_idx
DEBUG:root:Dropping index partsupp_1_prt_p32_ps_supplycost_idx
DEBUG:root:Dropping index partsupp_1_prt_p27_ps_partkey_idx
DEBUG:root:Dropping index partsupp_1_prt_p23_ps_supplycost_idx
DEBUG:root:Dropping index partsupp_1_prt_p26_ps_availqty_idx
DEBUG:root:Dropping index partsupp_1_prt_p26_ps_supplycost_idx
DEBUG:root:Dropping index partsupp_1_prt_p27_ps_supplycost_idx
DEBUG:root:Dropping index partsupp_1_prt_p23_ps_partkey_idx
DEBUG:root:Dropping index orders_1_prt_p42_o_orderdate_idx
DEBUG:root:Dropping index partsupp_1_prt_p30_ps_suppkey_idx
DEBUG:root:Dropping index partsupp_1_prt_p39_ps_partkey_idx
DEBUG:root:Dropping index partsupp_1_prt_p28_ps_suppkey_idx
DEBUG:root:Dropping index partsupp_1_prt_p0_ps_availqty_idx
DEBUG:root:Dropping index partsupp_1_prt_p30_ps_partkey_idx
DEBUG:root:Dropping index partsupp_1_prt_p0_ps_supplycost_idx
DEBUG:root:Dropping index partsupp_1_prt_p28_ps_partkey_idx
DEBUG:root:Dropping index partsupp_1_prt_p30_ps_availqty_idx
DEBUG:root:Dropping index partsupp_1_prt_p30_ps_supplycost_idx
DEBUG:root:Dropping index partsupp_1_prt_p28_ps_supplycost_idx
DEBUG:root:Dropping index partsupp_1_prt_p39_ps_suppkey_idx
DEBUG:root:Dropping index partsupp_1_prt_p0_ps_partkey_idx
DEBUG:root:Dropping index partsupp_1_prt_p20_ps_supplycost_idx
DEBUG:root:Dropping index partsupp_1_prt_p46_ps_suppkey_idx
DEBUG:root:Dropping index partsupp_1_prt_p15_ps_suppkey_idx
DEBUG:root:Dropping index partsupp_1_prt_p46_ps_availqty_idx
DEBUG:root:Dropping index partsupp_1_prt_p20_ps_partkey_idx
DEBUG:root:Dropping index partsupp_1_prt_p9_ps_partkey_idx
DEBUG:root:Dropping index partsupp_1_prt_p15_ps_availqty_idx
DEBUG:root:Dropping index partsupp_1_prt_p6_ps_supplycost_idx
DEBUG:root:Dropping index partsupp_1_prt_p6_ps_suppkey_idx
DEBUG:root:Dropping index partsupp_1_prt_p8_ps_availqty_idx
DEBUG:root:Dropping index supplier_1_prt_p37_s_acctbal_idx
DEBUG:root:Dropping index partsupp_1_prt_p8_ps_suppkey_idx
DEBUG:root:Dropping index supplier_1_prt_p37_s_suppkey_idx
DEBUG:root:Dropping index partsupp_1_prt_p34_ps_suppkey_idx
DEBUG:root:Dropping index partsupp_1_prt_p42_ps_suppkey_idx
DEBUG:root:Dropping index partsupp_1_prt_p1_ps_suppkey_idx
DEBUG:root:Dropping index partsupp_1_prt_p42_ps_partkey_idx
DEBUG:root:Dropping index partsupp_1_prt_p5_ps_suppkey_idx
DEBUG:root:Dropping index partsupp_1_prt_p5_ps_partkey_idx
DEBUG:root:Dropping index partsupp_1_prt_p1_ps_supplycost_idx
DEBUG:root:Dropping index partsupp_1_prt_p5_ps_availqty_idx
DEBUG:root:Dropping index partsupp_1_prt_p42_ps_availqty_idx
DEBUG:root:Dropping index supplier_1_prt_p26_s_suppkey_idx
DEBUG:root:Dropping index partsupp_1_prt_p5_ps_supplycost_idx
DEBUG:root:Dropping index supplier_1_prt_p14_s_nationkey_idx
DEBUG:root:Dropping index partsupp_1_prt_p29_ps_suppkey_idx
DEBUG:root:Dropping index partsupp_1_prt_p29_ps_partkey_idx
DEBUG:root:Dropping index partsupp_1_prt_p29_ps_availqty_idx
DEBUG:root:Dropping index partsupp_1_prt_p22_ps_partkey_idx
DEBUG:root:Dropping index partsupp_1_prt_p41_ps_supplycost_idx
DEBUG:root:Dropping index partsupp_1_prt_p22_ps_suppkey_idx
DEBUG:root:Dropping index partsupp_1_prt_p43_ps_partkey_idx
DEBUG:root:Dropping index supplier_1_prt_p17_s_nationkey_idx
DEBUG:root:Dropping index partsupp_1_prt_p33_ps_suppkey_idx
DEBUG:root:Dropping index partsupp_1_prt_p33_ps_partkey_idx
DEBUG:root:Dropping index supplier_1_prt_p17_s_suppkey_idx
DEBUG:root:Dropping index partsupp_1_prt_p11_ps_partkey_idx
DEBUG:root:Dropping index partsupp_1_prt_p11_ps_availqty_idx
DEBUG:root:Dropping index partsupp_1_prt_p11_ps_suppkey_idx
DEBUG:root:Dropping index partsupp_1_prt_p3_ps_suppkey_idx
DEBUG:root:Dropping index supplier_1_prt_p9_s_suppkey_idx
DEBUG:root:Dropping index partsupp_1_prt_p13_ps_availqty_idx
DEBUG:root:Dropping index partsupp_1_prt_p13_ps_supplycost_idx
DEBUG:root:Dropping index orders_1_prt_p21_o_custkey_idx
DEBUG:root:Dropping index partsupp_1_prt_p13_ps_suppkey_idx
DEBUG:root:Dropping index orders_1_prt_p21_o_orderdate_idx
DEBUG:root:Dropping index partsupp_1_prt_p47_ps_supplycost_idx
DEBUG:root:Dropping index supplier_1_prt_p35_s_nationkey_idx
DEBUG:root:Dropping index supplier_1_prt_p35_s_acctbal_idx
DEBUG:root:Dropping index partsupp_1_prt_p47_ps_suppkey_idx
DEBUG:root:Dropping index partsupp_1_prt_p47_ps_availqty_idx
DEBUG:root:Dropping index partsupp_1_prt_p12_ps_availqty_idx
DEBUG:root:Dropping index partsupp_1_prt_p12_ps_partkey_idx
DEBUG:root:Dropping index partsupp_1_prt_p12_ps_supplycost_idx
DEBUG:root:Dropping index partsupp_1_prt_p1_ps_availqty_idx
DEBUG:root:Dropping index partsupp_1_prt_p19_ps_supplycost_idx
DEBUG:root:Dropping index partsupp_1_prt_p19_ps_suppkey_idx
DEBUG:root:Dropping index partsupp_1_prt_p14_ps_suppkey_idx
DEBUG:root:Dropping index partsupp_1_prt_p19_ps_partkey_idx
DEBUG:root:Dropping index partsupp_1_prt_p38_ps_suppkey_idx
DEBUG:root:Dropping index partsupp_1_prt_p9_ps_suppkey_idx
DEBUG:root:Dropping index supplier_1_prt_p25_s_suppkey_idx
DEBUG:root:Dropping index partsupp_1_prt_p38_ps_partkey_idx
DEBUG:root:Dropping index supplier_1_prt_p25_s_nationkey_idx
DEBUG:root:Dropping index partsupp_1_prt_p38_ps_availqty_idx
DEBUG:root:Dropping index supplier_1_prt_p25_s_acctbal_idx
DEBUG:root:Dropping index partsupp_1_prt_p44_ps_supplycost_idx
DEBUG:root:Dropping index partsupp_1_prt_p44_ps_suppkey_idx
DEBUG:root:Dropping index partsupp_1_prt_p44_ps_partkey_idx
DEBUG:root:Dropping index partsupp_1_prt_p44_ps_availqty_idx
DEBUG:root:Dropping index partsupp_1_prt_p48_ps_supplycost_idx
DEBUG:root:Dropping index partsupp_1_prt_p48_ps_suppkey_idx
DEBUG:root:Dropping index partsupp_1_prt_p48_ps_availqty_idx
DEBUG:root:Dropping index partsupp_1_prt_p16_ps_suppkey_idx
DEBUG:root:Dropping index partsupp_1_prt_p31_ps_supplycost_idx
DEBUG:root:Dropping index supplier_1_prt_p10_s_suppkey_idx
DEBUG:root:Dropping index partsupp_1_prt_p31_ps_suppkey_idx
DEBUG:root:Dropping index partsupp_1_prt_p16_ps_availqty_idx
DEBUG:root:Dropping index supplier_1_prt_p10_s_nationkey_idx
DEBUG:root:Dropping index partsupp_1_prt_p10_ps_suppkey_idx
DEBUG:root:Dropping index partsupp_1_prt_p10_ps_availqty_idx
DEBUG:root:Dropping index partsupp_1_prt_p45_ps_partkey_idx
DEBUG:root:Dropping index partsupp_1_prt_p45_ps_availqty_idx
DEBUG:root:Dropping index partsupp_1_prt_p45_ps_supplycost_idx
DEBUG:root:Dropping index partsupp_1_prt_p2_ps_partkey_idx
DEBUG:root:Dropping index partsupp_1_prt_p2_ps_availqty_idx
DEBUG:root:Dropping index orders_1_prt_p42_o_custkey_idx
DEBUG:root:Dropping index supplier_1_prt_p10_s_acctbal_idx
DEBUG:root:Dropping index orders_1_prt_p45_o_custkey_idx
DEBUG:root:Dropping index orders_1_prt_p45_o_orderdate_idx
DEBUG:root:Dropping index partsupp_1_prt_p23_ps_suppkey_idx
DEBUG:root:Dropping index partsupp_1_prt_p16_ps_supplycost_idx
DEBUG:root:Dropping index supplier_1_prt_p22_s_nationkey_idx
DEBUG:root:Dropping index supplier_1_prt_p22_s_acctbal_idx
DEBUG:root:Dropping index partsupp_1_prt_p0_ps_suppkey_idx
DEBUG:root:Dropping index partsupp_1_prt_p11_ps_supplycost_idx
DEBUG:root:Dropping index partsupp_1_prt_p19_ps_availqty_idx
DEBUG:root:Dropping index partsupp_1_prt_p26_ps_suppkey_idx
DEBUG:root:Dropping index supplier_1_prt_p22_s_suppkey_idx
DEBUG:root:Dropping index partsupp_1_prt_p15_ps_supplycost_idx
DEBUG:root:Dropping index partsupp_1_prt_p16_ps_partkey_idx
DEBUG:root:Dropping index supplier_1_prt_p46_s_acctbal_idx
DEBUG:root:Dropping index supplier_1_prt_p39_s_nationkey_idx
DEBUG:root:Dropping index supplier_1_prt_p39_s_acctbal_idx
DEBUG:root:Dropping index supplier_1_prt_p45_s_suppkey_idx
DEBUG:root:Dropping index supplier_1_prt_p38_s_acctbal_idx
INFO:root:Partition algorithm : Slalom, partitioning time :1517.8112199306488s, partitioned cost : 8552.0, index algorithm : Slalom, index_size :72.84375, cost : 15176.197000000004, time : 1499.4441435337067
INFO:root:Dropping indexes
INFO:root:Postgres: Run `analyze`
INFO:root:Creating partition tables
INFO:root:partitioning the datasets by [(0, 1), (1, 2), (2, 3), (3, 4), (4, 5), (5, 6), (6, 7), (7, 8), (8, 9), (9, 10), (10, 11), (11, 12), (12, 13), (13, 14), (14, 15), (15, 16), (16, 17), (17, 18), (18, 19), (19, 20), (20, 21), (21, 22), (22, 23), (23, 24), (24, 25), (25, 26), (26, 27), (27, 28), (28, 29), (29, 30), (30, 31), (31, 32), (32, 33), (33, 34), (34, 35), (35, 36), (36, 37), (37, 38), (38, 39), (39, 40), (40, 41), (41, 42), (42, 43), (43, 44), (44, 45), (45, 46), (46, 47), (47, 48), (48, 49), (49, 50)]
DEBUG:root:Init selection algorithm
INFO:root:Dropping indexes
DEBUG:root:Init cost evaluation
INFO:root:Cost estimation with actual_runtimes
DEBUG:root:Init WhatIfIndexCreation
INFO:root:Running algorithm {'budget_MB': 500, 'max_index_width': 2, 'partition_num': 50, 'min_cost_improvement': 1.001}
INFO:root:By data skipping index, the number of queries from 354750 to 56893
INFO:root:Calculating best indexes Extend
DEBUG:root:new best cost and size: 7407.724	136.62MB
INFO:root:63.65182447433472 s, cost :7648.895, index_size: 136.625
DEBUG:root:new best cost and size: 7754.4130000000005	42.28MB
INFO:root:95.22092533111572 s, cost :6876.419999999999, index_size: 42.28125
DEBUG:root:new best cost and size: 7650.780000000001	42.28MB
INFO:root:6.552379608154297 s, cost :7582.167, index_size: 42.28125
DEBUG:root:new best cost and size: 7738.639000000003	14.16MB
INFO:root:24.106281280517578 s, cost :7161.389999999999, index_size: 14.15625
DEBUG:root:new best cost and size: 7831.956000000001	7.91MB
INFO:root:94.41621255874634 s, cost :7083.968999999998, index_size: 7.90625
DEBUG:root:Add index. Current cost savings: 14.218, initial 14.218. Current storage: 7.91
DEBUG:root:new best cost and size: 7661.278000000002	21.12MB
INFO:root:18.266854524612427 s, cost :7426.185, index_size: 21.125
DEBUG:root:new best cost and size: 7276.907	21.12MB
INFO:root:11.437653303146362 s, cost :7202.6410000000005, index_size: 21.125
DEBUG:root:Add index. Current cost savings: 7.087, initial 20.297. Current storage: 21.12
DEBUG:root:new best cost and size: 7231.651999999999	42.25MB
INFO:root:211.45820450782776 s, cost :7612.568000000001, index_size: 42.25
DEBUG:root:Add index. Current cost savings: 0.622, initial 20.793. Current storage: 55.47
DEBUG:root:new best cost and size: 7051.133000000002	192.09MB
INFO:root:153.43596148490906 s, cost :6904.46, index_size: 192.09375
DEBUG:root:new best cost and size: 6883.323000000001	97.75MB
INFO:root:49.63724374771118 s, cost :7151.82, index_size: 97.75
DEBUG:root:Add index. Current cost savings: 4.817, initial 24.608. Current storage: 110.97
DEBUG:root:Total cost cache hits:	0
DEBUG:root:Total cost requests:		10043
DEBUG:root:Cost cache hit ratio:	0.0%
INFO:root:Partition algorithm : Slalom, partitioning time :1517.8112199306488s, partitioned cost : 8552.0, index algorithm : Extend, index_size :76.625, cost : 7722.652000000001, time : 1737.7994420528412
DEBUG:root:Database connector closed: test_database2
INFO:root:By data skipping index, the number of queries from 191565 to 30036
INFO:root:Calculating best indexes Extend
DEBUG:root:Total cost cache hits:	0
DEBUG:root:Total cost requests:		0
INFO------:root:Partition algorithm : Casper, partitioning time :146.57624745368958s, index algorithm : Noindex, index_size :0, cost : 8397.323999999999, time : 342.8151865005493
INFO:root:Dropping indexes
INFO:root:Postgres: Run `analyze`
INFO:root:Creating partition tables
INFO:root:partitioning the datasets by [(0, 2), (2, 5), (5, 6), (6, 8), (8, 10), (10, 11), (11, 13), (13, 15), (15, 17), (17, 18), (18, 19), (19, 20), (20, 23), (23, 24), (24, 25), (25, 26), (26, 29), (29, 31), (31, 34), (34, 35), (35, 36), (36, 38), (38, 39), (39, 40), (40, 45), (45, 47), (47, 50)]
DEBUG:root:Init selection algorithm
INFO:root:Dropping indexes
DEBUG:root:Init cost evaluation
INFO:root:Cost estimation with actual_runtimes
DEBUG:root:Init WhatIfIndexCreation
INFO:root:Running algorithm {'budget_MB': 500, 'max_index_width': 2, 'partition_num': 27, 'allowed_transformations': ['splitting', 'merging', 'prefixing', 'removal']}
INFO:root:By data skipping index, the number of queries from 191565 to 30036
INFO:root:Calculating best indexes Relaxation
DEBUG:root:Q1
DEBUG:root:Indexable columns: 3
DEBUG:root:Potential indexes: 9
DEBUG:root:Q2
DEBUG:root:Indexable columns: 2
DEBUG:root:Potential indexes: 4
DEBUG:root:Q3
DEBUG:root:Indexable columns: 2
DEBUG:root:Potential indexes: 4
DEBUG:root:Q4
DEBUG:root:Indexable columns: 2
DEBUG:root:Potential indexes: 4
DEBUG:root:Q5
DEBUG:root:Indexable columns: 2
DEBUG:root:Potential indexes: 4
DEBUG:root:Q6
DEBUG:root:Indexable columns: 3
DEBUG:root:Potential indexes: 9
DEBUG:root:Q7
DEBUG:root:Indexable columns: 4
DEBUG:root:Potential indexes: 16
DEBUG:root:Q8
DEBUG:root:Indexable columns: 5
DEBUG:root:Potential indexes: 25
DEBUG:root:Q9
DEBUG:root:Indexable columns: 3
DEBUG:root:Potential indexes: 9
DEBUG:root:Q10
DEBUG:root:Indexable columns: 2
DEBUG:root:Potential indexes: 4
DEBUG:root:Q11
DEBUG:root:Indexable columns: 5
DEBUG:root:Potential indexes: 25
DEBUG:root:Q12
DEBUG:root:Indexable columns: 2
DEBUG:root:Potential indexes: 4
DEBUG:root:Q13
DEBUG:root:Indexable columns: 2
DEBUG:root:Potential indexes: 4
DEBUG:root:Q14
DEBUG:root:Indexable columns: 3
DEBUG:root:Potential indexes: 9
DEBUG:root:Q15
DEBUG:root:Indexable columns: 3
DEBUG:root:Potential indexes: 9
DEBUG:root:Total cost cache hits:	0
DEBUG:root:Total cost requests:		46
DEBUG:root:Cost cache hit ratio:	0.0%
INFO:root:146.57624745368958 s, cost :8397.323999999999, index_size: 0.0
INFO:root:Partition algorithm : Casper, partitioning time :146.57624745368958s, partitioned cost : 8397.323999999999, index algorithm : Relaxation, index_size :116.71875, cost : 7503.992, time : 1148.313021659851
INFO:root:Dropping indexes
INFO:root:Postgres: Run `analyze`
INFO:root:Creating partition tables
INFO:root:partitioning the datasets by [(0, 2), (2, 5), (5, 6), (6, 8), (8, 10), (10, 11), (11, 13), (13, 15), (15, 17), (17, 18), (18, 19), (19, 20), (20, 23), (23, 24), (24, 25), (25, 26), (26, 29), (29, 31), (31, 34), (34, 35), (35, 36), (36, 38), (38, 39), (39, 40), (40, 45), (45, 47), (47, 50)]
DEBUG:root:Init selection algorithm
INFO:root:Dropping indexes
DEBUG:root:Init cost evaluation
INFO:root:Cost estimation with actual_runtimes
DEBUG:root:Init WhatIfIndexCreation
INFO:root:Running algorithm {'budget_MB': 500, 'partition_num': 27, 'max_index_width': 2, 'min_cost_improvement': 1.003}
INFO:root:By data skipping index, the number of queries from 191565 to 30036
INFO:root:Calculating best indexes Slalom
INFO:root:Finish Slalom statistics
INFO:root:157.16556119918823 s, cost :7989.338000000001, index_size: 1.0625
INFO:root:0.0001518726348876953 s, cost :7345.892, index_size: 7.0
INFO:root:0.0001494884490966797 s, cost :7315.301999999998, index_size: 11.375
INFO:root:0.00016498565673828125 s, cost :8372.286000000002, index_size: 16.65625
INFO:root:0.00016999244689941406 s, cost :8033.250000000002, index_size: 19.40625
INFO:root:0.0001380443572998047 s, cost :7694.436, index_size: 22.09375
INFO:root:0.0001666545867919922 s, cost :7514.330000000002, index_size: 26.0625
INFO:root:0.00021219253540039062 s, cost :7709.567999999999, index_size: 29.875
INFO:root:0.00017189979553222656 s, cost :7495.712, index_size: 30.5625
INFO:root:0.0002944469451904297 s, cost :7530.426000000001, index_size: 30.5625
INFO:root:0.0003120899200439453 s, cost :7416.874, index_size: 31.78125
INFO:root:0.0002963542938232422 s, cost :7786.732, index_size: 32.9375
INFO:root:0.00037670135498046875 s, cost :7386.9439999999995, index_size: 34.53125
INFO:root:0.0003199577331542969 s, cost :8382.51, index_size: 37.90625
INFO:root:0.0005359649658203125 s, cost :7791.069999999998, index_size: 37.90625
INFO:root:0.000213623046875 s, cost :10550.662, index_size: 38.0625
INFO:root:0.00034546852111816406 s, cost :7793.068000000001, index_size: 38.53125
INFO:root:0.0003972053527832031 s, cost :11126.192000000001, index_size: 38.53125
INFO:root:0.00033974647521972656 s, cost :7681.476000000001, index_size: 39.0625
INFO:root:0.00036716461181640625 s, cost :7525.003999999999, index_size: 39.21875
INFO:root:0.0003726482391357422 s, cost :7617.067999999999, index_size: 40.8125
INFO:root:0.00023627281188964844 s, cost :7789.486000000001, index_size: 40.8125
INFO:root:0.0002589225769042969 s, cost :7475.726000000001, index_size: 40.8125
INFO:root:0.00018286705017089844 s, cost :7576.324, index_size: 41.28125
INFO:root:0.0002613067626953125 s, cost :7331.331999999999, index_size: 41.28125
INFO:root:0.0002646446228027344 s, cost :7930.9580000000005, index_size: 42.34375
INFO:root:0.00024628639221191406 s, cost :7397.028000000001, index_size: 43.9375
INFO:root:0.00019979476928710938 s, cost :7396.574000000001, index_size: 43.9375
INFO:root:0.0003228187561035156 s, cost :7356.820000000001, index_size: 43.9375
INFO:root:0.0002872943878173828 s, cost :7639.206, index_size: 44.46875
INFO:root:0.00028586387634277344 s, cost :7030.238, index_size: 44.46875
INFO:root:0.00026535987854003906 s, cost :7635.296, index_size: 44.46875
INFO:root:0.00031828880310058594 s, cost :7781.432000000001, index_size: 44.46875
INFO:root:0.00015234947204589844 s, cost :7556.196000000001, index_size: 44.46875
INFO:root:0.00024366378784179688 s, cost :7212.555999999999, index_size: 44.46875
INFO:root:0.00029158592224121094 s, cost :7585.236000000001, index_size: 44.46875
INFO:root:0.0002028942108154297 s, cost :7759.114, index_size: 44.625
INFO:root:0.0002772808074951172 s, cost :7399.952, index_size: 44.625
INFO:root:0.00030303001403808594 s, cost :7350.648000000001, index_size: 44.625
INFO:root:0.00025010108947753906 s, cost :7101.188, index_size: 44.625
INFO:root:0.0002789497375488281 s, cost :7364.178000000002, index_size: 45.15625
INFO:root:0.0002841949462890625 s, cost :7399.884000000001, index_size: 45.15625
INFO:root:0.0003173351287841797 s, cost :7292.128000000001, index_size: 45.3125
INFO:root:0.0003161430358886719 s, cost :7408.537999999999, index_size: 45.3125
INFO:root:0.0001704692840576172 s, cost :7477.992, index_size: 47.21875
INFO:root:0.00032830238342285156 s, cost :7583.194000000001, index_size: 47.21875
INFO:root:0.0002617835998535156 s, cost :10819.588000000002, index_size: 47.21875
INFO:root:0.00027823448181152344 s, cost :7574.223999999998, index_size: 47.21875
INFO:root:0.00025153160095214844 s, cost :7354.776, index_size: 47.21875
INFO:root:0.00030803680419921875 s, cost :7239.383999999999, index_size: 47.21875
INFO:root:0.0003483295440673828 s, cost :9753.466, index_size: 47.21875
INFO:root:0.00028514862060546875 s, cost :7404.042000000001, index_size: 47.21875
INFO:root:0.00030922889709472656 s, cost :7193.506000000002, index_size: 47.21875
INFO:root:0.0003120899200439453 s, cost :7222.3640000000005, index_size: 47.21875
INFO:root:0.00028586387634277344 s, cost :8860.236, index_size: 47.21875
INFO:root:0.0002791881561279297 s, cost :7342.951999999998, index_size: 47.21875
INFO:root:0.00023603439331054688 s, cost :7279.965999999999, index_size: 47.21875
INFO:root:0.0002853870391845703 s, cost :8524.632, index_size: 47.21875
INFO:root:0.00037217140197753906 s, cost :7487.521999999999, index_size: 47.21875
INFO:root:0.0002949237823486328 s, cost :7603.316000000001, index_size: 47.21875
INFO:root:0.00018644332885742188 s, cost :7372.534000000001, index_size: 47.21875
INFO:root:0.0002703666687011719 s, cost :7486.578000000001, index_size: 47.21875
INFO:root:0.0002925395965576172 s, cost :7513.8600000000015, index_size: 47.21875
INFO:root:0.00030303001403808594 s, cost :7474.642000000001, index_size: 47.21875
INFO:root:0.0003027915954589844 s, cost :7498.85, index_size: 47.21875
INFO:root:0.0003361701965332031 s, cost :7531.396000000001, index_size: 47.21875
INFO:root:0.00030159950256347656 s, cost :7647.426, index_size: 47.21875
INFO:root:0.00022482872009277344 s, cost :7931.344000000001, index_size: 47.21875
INFO:root:0.00025844573974609375 s, cost :7587.0340000000015, index_size: 47.21875
INFO:root:0.00024056434631347656 s, cost :7556.598, index_size: 47.21875
INFO:root:0.00027751922607421875 s, cost :7894.065999999999, index_size: 47.21875
INFO:root:0.0003464221954345703 s, cost :7444.439999999999, index_size: 47.21875
INFO:root:0.0002524852752685547 s, cost :7508.521999999999, index_size: 47.21875
INFO:root:0.00023603439331054688 s, cost :7483.288000000001, index_size: 47.21875
INFO:root:0.00031638145446777344 s, cost :7344.263999999999, index_size: 47.21875
INFO:root:0.0002779960632324219 s, cost :7396.3240000000005, index_size: 47.21875
INFO:root:0.0003418922424316406 s, cost :7534.964000000001, index_size: 47.21875
INFO:root:0.00026798248291015625 s, cost :7326.27, index_size: 47.21875
INFO:root:0.00026035308837890625 s, cost :7274.106, index_size: 47.21875
INFO:root:0.0002949237823486328 s, cost :7308.7699999999995, index_size: 47.21875
INFO:root:0.0002796649932861328 s, cost :7129.976000000001, index_size: 47.21875
INFO:root:0.000263214111328125 s, cost :11551.230000000005, index_size: 47.21875
INFO:root:0.0002617835998535156 s, cost :7417.833999999999, index_size: 47.21875
INFO:root:0.0003681182861328125 s, cost :7416.834, index_size: 47.21875
INFO:root:0.00027108192443847656 s, cost :7382.146000000001, index_size: 47.21875
INFO:root:0.0002865791320800781 s, cost :7629.662000000001, index_size: 47.21875
INFO:root:0.00027751922607421875 s, cost :7322.880000000001, index_size: 47.21875
INFO:root:0.00026297569274902344 s, cost :7330.298000000001, index_size: 47.21875
INFO:root:0.00028061866760253906 s, cost :7201.472000000001, index_size: 47.21875
INFO:root:0.0002181529998779297 s, cost :7514.744, index_size: 47.21875
INFO:root:0.00027942657470703125 s, cost :7347.077999999999, index_size: 47.21875
INFO:root:0.0003275871276855469 s, cost :7459.408, index_size: 47.21875
INFO:root:0.00018143653869628906 s, cost :6961.184, index_size: 47.21875
INFO:root:0.0002803802490234375 s, cost :7656.4400000000005, index_size: 47.21875
INFO:root:0.00024080276489257812 s, cost :7438.719999999999, index_size: 47.21875
INFO:root:0.00026726722717285156 s, cost :7424.4580000000005, index_size: 47.21875
INFO:root:0.0001647472381591797 s, cost :9045.181999999999, index_size: 47.21875
INFO:root:0.0002865791320800781 s, cost :7248.578, index_size: 47.21875
INFO:root:0.0002837181091308594 s, cost :7291.601999999999, index_size: 47.21875
INFO:root:0.0002989768981933594 s, cost :7294.2480000000005, index_size: 47.21875
INFO:root:0.0002655982971191406 s, cost :7360.789999999999, index_size: 47.21875
INFO:root:0.00024890899658203125 s, cost :7454.212, index_size: 47.21875
INFO:root:0.00022459030151367188 s, cost :7055.196000000001, index_size: 47.21875
INFO:root:0.0003199577331542969 s, cost :7365.888000000002, index_size: 47.21875
INFO:root:0.00032806396484375 s, cost :7480.036, index_size: 47.21875
INFO:root:0.00025272369384765625 s, cost :7429.922000000001, index_size: 47.21875
INFO:root:0.0003037452697753906 s, cost :7150.238, index_size: 47.21875
INFO:root:0.0002548694610595703 s, cost :7094.141999999998, index_size: 47.21875
INFO:root:0.0002675056457519531 s, cost :7556.392000000001, index_size: 47.21875
INFO:root:0.00030922889709472656 s, cost :7273.2, index_size: 47.21875
INFO:root:0.00031375885009765625 s, cost :6892.701999999999, index_size: 47.21875
INFO:root:0.0002734661102294922 s, cost :7498.308, index_size: 47.21875
INFO:root:0.00016880035400390625 s, cost :6839.204, index_size: 47.21875
INFO:root:0.0002918243408203125 s, cost :7410.399999999999, index_size: 47.21875
INFO:root:0.0003364086151123047 s, cost :10885.562, index_size: 47.21875
INFO:root:0.00027751922607421875 s, cost :7287.585999999999, index_size: 47.21875
INFO:root:0.0003402233123779297 s, cost :7463.623999999999, index_size: 47.21875
INFO:root:0.00028824806213378906 s, cost :7480.745999999999, index_size: 47.21875
INFO:root:0.0002040863037109375 s, cost :7128.596000000001, index_size: 47.21875
INFO:root:0.00025177001953125 s, cost :7813.802000000001, index_size: 47.21875
INFO:root:0.0002281665802001953 s, cost :7140.172, index_size: 47.21875
INFO:root:0.00025844573974609375 s, cost :7228.546, index_size: 47.21875
INFO:root:0.0002551078796386719 s, cost :16158.097999999998, index_size: 47.21875
INFO:root:0.00024247169494628906 s, cost :7393.724, index_size: 47.21875
INFO:root:0.00023674964904785156 s, cost :7376.312000000001, index_size: 47.21875
INFO:root:0.00021076202392578125 s, cost :7218.791999999999, index_size: 47.21875
INFO:root:0.0002987384796142578 s, cost :7579.174000000001, index_size: 47.21875
INFO:root:0.00028133392333984375 s, cost :7294.142000000001, index_size: 47.21875
INFO:root:0.0002994537353515625 s, cost :7387.773999999999, index_size: 47.21875
INFO:root:0.0002834796905517578 s, cost :7028.62, index_size: 47.21875
INFO:root:0.00030803680419921875 s, cost :7364.224, index_size: 47.21875
INFO:root:0.00033974647521972656 s, cost :7370.642, index_size: 47.21875
INFO:root:0.0003159046173095703 s, cost :7318.155999999999, index_size: 47.21875
INFO:root:0.00018262863159179688 s, cost :7364.603999999999, index_size: 47.21875
INFO:root:0.00026726722717285156 s, cost :8152.972000000002, index_size: 47.21875
INFO:root:0.0003249645233154297 s, cost :8149.668000000002, index_size: 47.21875
INFO:root:0.0002808570861816406 s, cost :7093.427999999998, index_size: 47.21875
INFO:root:0.000293731689453125 s, cost :7408.388, index_size: 47.21875
INFO:root:0.0002739429473876953 s, cost :8772.822, index_size: 47.21875
INFO:root:0.0002906322479248047 s, cost :7265.334000000001, index_size: 47.21875
INFO:root:0.0002512931823730469 s, cost :7223.828, index_size: 47.21875
INFO:root:0.0002918243408203125 s, cost :7113.703999999999, index_size: 47.21875
INFO:root:0.0002734661102294922 s, cost :7600.674, index_size: 47.21875
INFO:root:0.00022339820861816406 s, cost :7396.438, index_size: 47.21875
INFO:root:0.0002841949462890625 s, cost :7189.447999999999, index_size: 47.21875
INFO:root:0.0002808570861816406 s, cost :7278.726000000001, index_size: 47.21875
INFO:root:0.0002040863037109375 s, cost :7429.385999999999, index_size: 47.21875
INFO:root:0.00029397010803222656 s, cost :7409.0599999999995, index_size: 47.21875
INFO:root:0.0003504753112792969 s, cost :7516.216, index_size: 47.21875
INFO:root:0.0004229545593261719 s, cost :7020.942, index_size: 47.21875
INFO:root:0.00023508071899414062 s, cost :7161.8899999999985, index_size: 47.21875
INFO:root:0.00026702880859375 s, cost :7270.223999999998, index_size: 47.21875
INFO:root:0.0002732276916503906 s, cost :7337.8, index_size: 47.21875
INFO:root:0.00023126602172851562 s, cost :7127.573999999999, index_size: 47.21875
INFO:root:0.00029206275939941406 s, cost :7494.864, index_size: 47.21875
INFO:root:0.0002300739288330078 s, cost :7323.878, index_size: 47.21875
INFO:root:0.0002448558807373047 s, cost :7641.271999999999, index_size: 47.21875
INFO:root:0.0002627372741699219 s, cost :7379.764, index_size: 47.21875
INFO:root:0.00021457672119140625 s, cost :7149.334, index_size: 47.21875
INFO:root:0.0002734661102294922 s, cost :7427.754, index_size: 47.21875
INFO:root:0.00023245811462402344 s, cost :7265.904, index_size: 47.21875
INFO:root:0.0002963542938232422 s, cost :7428.518000000001, index_size: 47.21875
INFO:root:0.0002627372741699219 s, cost :7422.114, index_size: 47.21875
INFO:root:0.0002894401550292969 s, cost :7357.115999999999, index_size: 47.21875
INFO:root:0.00019621849060058594 s, cost :7181.948, index_size: 47.21875
INFO:root:0.0002989768981933594 s, cost :7239.752, index_size: 47.21875
INFO:root:0.0003437995910644531 s, cost :9223.361999999997, index_size: 47.21875
INFO:root:0.00030732154846191406 s, cost :7198.069999999999, index_size: 47.21875
INFO:root:0.00029015541076660156 s, cost :7413.674000000001, index_size: 47.21875
INFO:root:0.00028896331787109375 s, cost :7302.793999999999, index_size: 47.21875
INFO:root:0.00033020973205566406 s, cost :7149.982000000001, index_size: 47.21875
INFO:root:0.00025582313537597656 s, cost :7164.459999999999, index_size: 47.21875
INFO:root:0.00033593177795410156 s, cost :6899.206000000001, index_size: 47.21875
INFO:root:0.0003216266632080078 s, cost :7464.844000000001, index_size: 47.21875
INFO:root:0.0002009868621826172 s, cost :7467.544000000001, index_size: 47.21875
INFO:root:0.0003056526184082031 s, cost :7290.0019999999995, index_size: 47.21875
INFO:root:0.00024199485778808594 s, cost :7257.528, index_size: 47.21875
INFO:root:0.00017523765563964844 s, cost :7371.936, index_size: 47.21875
INFO:root:0.0002524852752685547 s, cost :7328.2300000000005, index_size: 47.21875
INFO:root:0.0002522468566894531 s, cost :7068.814, index_size: 47.21875
INFO:root:0.0002760887145996094 s, cost :7416.762000000001, index_size: 47.21875
INFO:root:0.00024318695068359375 s, cost :7170.911999999999, index_size: 47.21875
INFO:root:0.0002930164337158203 s, cost :7254.060000000002, index_size: 47.21875
INFO:root:0.00023651123046875 s, cost :9470.55, index_size: 47.21875
INFO:root:0.0003600120544433594 s, cost :16272.625999999997, index_size: 47.21875
INFO:root:0.00024008750915527344 s, cost :7364.318000000001, index_size: 47.21875
INFO:root:0.00018739700317382812 s, cost :10112.742, index_size: 47.21875
INFO:root:0.00024437904357910156 s, cost :16091.694000000003, index_size: 47.21875
INFO:root:0.00027489662170410156 s, cost :7405.168, index_size: 47.21875
INFO:root:0.0002281665802001953 s, cost :7154.522, index_size: 47.21875
INFO:root:0.0002543926239013672 s, cost :7076.261999999998, index_size: 47.21875
INFO:root:0.0002505779266357422 s, cost :7185.819999999999, index_size: 47.21875
INFO:root:0.0003478527069091797 s, cost :7206.544000000001, index_size: 47.21875
INFO:root:0.0002574920654296875 s, cost :7248.392, index_size: 47.21875
INFO:root:0.0003974437713623047 s, cost :7286.02, index_size: 47.21875
INFO:root:0.00033020973205566406 s, cost :7275.954, index_size: 47.21875
INFO:root:0.00031375885009765625 s, cost :7345.160000000001, index_size: 47.21875
INFO:root:0.0002503395080566406 s, cost :7264.51, index_size: 47.21875
INFO:root:0.00019407272338867188 s, cost :7256.76, index_size: 47.21875
INFO:root:0.00026917457580566406 s, cost :7643.056000000001, index_size: 47.21875
INFO:root:0.0001919269561767578 s, cost :7215.793999999999, index_size: 47.21875
INFO:root:0.0002651214599609375 s, cost :7581.222000000002, index_size: 47.21875
INFO:root:0.00033283233642578125 s, cost :7497.246000000001, index_size: 47.21875
INFO:root:0.0002841949462890625 s, cost :7389.204, index_size: 47.21875
INFO:root:0.00034546852111816406 s, cost :7003.969999999999, index_size: 47.21875
INFO:root:0.0002739429473876953 s, cost :8594.423999999999, index_size: 47.21875
INFO:root:0.0003275871276855469 s, cost :7314.0960000000005, index_size: 47.21875
INFO:root:0.00035071372985839844 s, cost :7215.418, index_size: 47.21875
INFO:root:0.0001971721649169922 s, cost :7442.526000000002, index_size: 47.21875
INFO:root:0.0002014636993408203 s, cost :7211.366000000001, index_size: 47.21875
INFO:root:0.00026869773864746094 s, cost :7471.382000000001, index_size: 47.21875
INFO:root:0.00032591819763183594 s, cost :7180.652000000001, index_size: 47.21875
INFO:root:0.0002734661102294922 s, cost :7116.701999999999, index_size: 47.21875
INFO:root:0.000301361083984375 s, cost :7481.366, index_size: 47.21875
INFO:root:0.0002837181091308594 s, cost :7437.780000000001, index_size: 47.21875
INFO:root:0.0003452301025390625 s, cost :7346.182, index_size: 47.21875
INFO:root:0.0002892017364501953 s, cost :7356.351999999999, index_size: 47.21875
INFO:root:0.0002567768096923828 s, cost :7502.406000000001, index_size: 47.21875
INFO:root:0.00029397010803222656 s, cost :7109.987999999999, index_size: 47.21875
INFO:root:0.0003120899200439453 s, cost :7299.662000000001, index_size: 47.21875
INFO:root:0.00021719932556152344 s, cost :7378.678, index_size: 47.21875
INFO:root:0.00028777122497558594 s, cost :7158.9259999999995, index_size: 47.21875
INFO:root:0.0003104209899902344 s, cost :7344.143999999998, index_size: 47.21875
INFO:root:0.00023365020751953125 s, cost :7473.940000000002, index_size: 47.21875
INFO:root:0.00025272369384765625 s, cost :7068.0679999999975, index_size: 47.21875
INFO:root:0.0002808570861816406 s, cost :7344.4659999999985, index_size: 47.21875
INFO:root:0.0002777576446533203 s, cost :8366.678000000002, index_size: 47.21875
INFO:root:0.00034165382385253906 s, cost :8012.856, index_size: 47.21875
INFO:root:0.0003390312194824219 s, cost :7262.933999999999, index_size: 47.21875
INFO:root:0.0001735687255859375 s, cost :7394.428, index_size: 47.21875
INFO:root:0.00026702880859375 s, cost :7419.536000000001, index_size: 47.21875
INFO:root:0.0002903938293457031 s, cost :7112.602000000001, index_size: 47.21875
INFO:root:0.00020694732666015625 s, cost :7491.458, index_size: 47.21875
INFO:root:0.00033283233642578125 s, cost :6924.99, index_size: 47.21875
INFO:root:0.00028705596923828125 s, cost :7489.2, index_size: 47.21875
INFO:root:0.000194549560546875 s, cost :7783.621999999999, index_size: 47.21875
INFO:root:0.0002930164337158203 s, cost :7446.044, index_size: 47.21875
INFO:root:0.0002779960632324219 s, cost :7854.656000000001, index_size: 47.21875
INFO:root:0.0002799034118652344 s, cost :7506.224000000001, index_size: 47.21875
INFO:root:0.0002455711364746094 s, cost :7284.316, index_size: 47.21875
INFO:root:0.0002276897430419922 s, cost :7499.581999999999, index_size: 47.21875
INFO:root:0.00018453598022460938 s, cost :7122.767999999999, index_size: 47.21875
INFO:root:0.00022912025451660156 s, cost :7346.886, index_size: 47.21875
INFO:root:0.0001544952392578125 s, cost :7562.594000000001, index_size: 47.21875
INFO:root:0.0002694129943847656 s, cost :7170.745999999998, index_size: 47.21875
INFO:root:0.00025200843811035156 s, cost :7254.701999999999, index_size: 47.21875
INFO:root:0.00029754638671875 s, cost :7560.95, index_size: 47.21875
INFO:root:0.00029206275939941406 s, cost :7358.414000000001, index_size: 47.21875
INFO:root:0.00030684471130371094 s, cost :7475.880000000002, index_size: 47.21875
INFO:root:0.00025177001953125 s, cost :7444.126000000001, index_size: 47.21875
INFO:root:0.00026416778564453125 s, cost :7012.084000000001, index_size: 47.21875
INFO:root:0.0002079010009765625 s, cost :7684.420000000001, index_size: 47.21875
INFO:root:0.0003025531768798828 s, cost :7446.102000000001, index_size: 47.21875
INFO:root:0.00021195411682128906 s, cost :7123.6579999999985, index_size: 47.21875
INFO:root:0.0002524852752685547 s, cost :7422.712, index_size: 47.21875
INFO:root:0.00021028518676757812 s, cost :7153.985999999998, index_size: 47.21875
INFO:root:0.0002720355987548828 s, cost :7844.79, index_size: 47.21875
INFO:root:0.0003514289855957031 s, cost :6938.650000000001, index_size: 47.21875
INFO:root:0.00017642974853515625 s, cost :7446.628, index_size: 47.21875
INFO:root:0.000377655029296875 s, cost :7326.748, index_size: 47.21875
INFO:root:0.0003046989440917969 s, cost :7296.908000000001, index_size: 47.21875
INFO:root:0.0003197193145751953 s, cost :7699.5520000000015, index_size: 47.21875
INFO:root:0.00021219253540039062 s, cost :7274.125999999998, index_size: 47.21875
INFO:root:0.0002772808074951172 s, cost :6980.973999999999, index_size: 47.21875
INFO:root:0.00021958351135253906 s, cost :8816.504, index_size: 47.21875
INFO:root:0.0003654956817626953 s, cost :7412.633999999998, index_size: 47.21875
INFO:root:0.00029206275939941406 s, cost :7505.624, index_size: 47.21875
INFO:root:0.0002493858337402344 s, cost :7127.848, index_size: 47.21875
INFO:root:0.00032138824462890625 s, cost :7481.7080000000005, index_size: 47.21875
INFO:root:0.00028443336486816406 s, cost :7149.4220000000005, index_size: 47.21875
INFO:root:0.00027370452880859375 s, cost :7392.420000000001, index_size: 47.21875
INFO:root:0.0003077983856201172 s, cost :7386.799999999999, index_size: 47.21875
INFO:root:0.0002803802490234375 s, cost :7326.240000000001, index_size: 47.21875
INFO:root:0.00026869773864746094 s, cost :7252.803999999999, index_size: 47.21875
INFO:root:0.0002589225769042969 s, cost :7192.134, index_size: 47.21875
INFO:root:0.0002608299255371094 s, cost :11161.988, index_size: 47.21875
INFO:root:0.0002779960632324219 s, cost :7007.557999999999, index_size: 47.21875
INFO:root:0.00025343894958496094 s, cost :7442.4800000000005, index_size: 47.21875
INFO:root:0.0003154277801513672 s, cost :7899.681999999999, index_size: 47.21875
INFO:root:0.0003409385681152344 s, cost :7174.993999999999, index_size: 47.21875
INFO:root:0.0003085136413574219 s, cost :7109.920000000001, index_size: 47.21875
INFO:root:0.0003376007080078125 s, cost :7129.398, index_size: 47.21875
INFO:root:0.0003426074981689453 s, cost :7442.297999999999, index_size: 47.21875
INFO:root:0.0002751350402832031 s, cost :8300.994, index_size: 47.21875
INFO:root:0.00025343894958496094 s, cost :7247.684000000001, index_size: 47.21875
INFO:root:0.0002689361572265625 s, cost :7257.7599999999975, index_size: 47.21875
INFO:root:0.0002808570861816406 s, cost :7332.2080000000005, index_size: 47.21875
INFO:root:0.0002422332763671875 s, cost :7151.362000000001, index_size: 47.21875
INFO:root:0.0001850128173828125 s, cost :7462.428, index_size: 47.21875
INFO:root:0.00015664100646972656 s, cost :7222.641999999998, index_size: 47.21875
INFO:root:0.0002834796905517578 s, cost :7310.147999999998, index_size: 47.21875
INFO:root:0.0002846717834472656 s, cost :7133.296, index_size: 47.21875
INFO:root:0.00016045570373535156 s, cost :7083.179999999999, index_size: 47.21875
INFO:root:0.0002810955047607422 s, cost :7166.000000000001, index_size: 47.21875
INFO:root:0.0002460479736328125 s, cost :7390.913999999999, index_size: 47.21875
INFO:root:0.00029468536376953125 s, cost :7064.857999999999, index_size: 47.21875
INFO:root:0.00027060508728027344 s, cost :7103.592000000001, index_size: 47.21875
INFO:root:0.0002503395080566406 s, cost :7285.6, index_size: 47.21875
INFO:root:0.0002865791320800781 s, cost :7408.05, index_size: 47.21875
INFO:root:0.0002651214599609375 s, cost :7031.763999999999, index_size: 47.21875
INFO:root:0.00023889541625976562 s, cost :7489.718000000001, index_size: 47.21875
INFO:root:0.00011110305786132812 s, cost :7204.864, index_size: 47.21875
INFO:root:0.06012535095214844 s, cost :7168.679999999999, index_size: 47.21875
INFO:root:0.06108808517456055 s, cost :7147.592, index_size: 47.21875
INFO:root:0.0623319149017334 s, cost :7229.04, index_size: 47.21875
INFO:root:0.05998730659484863 s, cost :8637.988000000001, index_size: 47.21875
INFO:root:0.06208539009094238 s, cost :7923.506000000001, index_size: 47.21875
INFO:root:0.06193280220031738 s, cost :7153.281999999999, index_size: 47.21875
INFO:root:0.06147050857543945 s, cost :7394.914, index_size: 47.21875
INFO:root:0.0630488395690918 s, cost :7573.620000000001, index_size: 47.21875
INFO:root:0.06222891807556152 s, cost :7343.208, index_size: 47.21875
INFO:root:0.06268501281738281 s, cost :7555.726000000001, index_size: 47.21875
INFO:root:0.06270360946655273 s, cost :7223.1979999999985, index_size: 47.21875
INFO:root:0.06301188468933105 s, cost :16411.156, index_size: 47.21875
INFO:root:0.06159090995788574 s, cost :7561.667999999999, index_size: 47.21875
INFO:root:0.0628974437713623 s, cost :7706.456000000001, index_size: 47.21875
INFO:root:0.06328415870666504 s, cost :7645.670000000001, index_size: 47.21875
INFO:root:0.06296515464782715 s, cost :7519.658000000001, index_size: 47.21875
INFO:root:0.06403136253356934 s, cost :7849.6320000000005, index_size: 47.21875
INFO:root:0.06181836128234863 s, cost :7360.302, index_size: 47.21875
INFO:root:0.062053680419921875 s, cost :7521.242, index_size: 47.21875
INFO:root:Dropping indexes
DEBUG:root:Dropping index partsupp_1_prt_p13_ps_availqty_idx
DEBUG:root:Dropping index partsupp_1_prt_p13_ps_supplycost_idx
DEBUG:root:Dropping index partsupp_1_prt_p25_ps_suppkey_idx
DEBUG:root:Dropping index partsupp_1_prt_p25_ps_supplycost_idx
DEBUG:root:Dropping index partsupp_1_prt_p25_ps_partkey_idx
DEBUG:root:Dropping index partsupp_1_prt_p25_ps_availqty_idx
DEBUG:root:Dropping index partsupp_1_prt_p1_ps_suppkey_idx
DEBUG:root:Dropping index partsupp_1_prt_p1_ps_supplycost_idx
DEBUG:root:Dropping index partsupp_1_prt_p21_ps_supplycost_idx
DEBUG:root:Dropping index partsupp_1_prt_p22_ps_suppkey_idx
DEBUG:root:Dropping index supplier_1_prt_p21_s_nationkey_idx
DEBUG:root:Dropping index partsupp_1_prt_p21_ps_availqty_idx
DEBUG:root:Dropping index supplier_1_prt_p26_s_nationkey_idx
DEBUG:root:Dropping index supplier_1_prt_p26_s_suppkey_idx
DEBUG:root:Dropping index partsupp_1_prt_p21_ps_partkey_idx
DEBUG:root:Dropping index supplier_1_prt_p21_s_acctbal_idx
DEBUG:root:Dropping index partsupp_1_prt_p22_ps_availqty_idx
DEBUG:root:Dropping index supplier_1_prt_p26_s_acctbal_idx
DEBUG:root:Dropping index partsupp_1_prt_p8_ps_availqty_idx
DEBUG:root:Dropping index partsupp_1_prt_p9_ps_supplycost_idx
DEBUG:root:Dropping index partsupp_1_prt_p17_ps_supplycost_idx
DEBUG:root:Dropping index partsupp_1_prt_p8_ps_partkey_idx
DEBUG:root:Dropping index partsupp_1_prt_p17_ps_availqty_idx
DEBUG:root:Dropping index partsupp_1_prt_p7_ps_availqty_idx
DEBUG:root:Dropping index partsupp_1_prt_p9_ps_suppkey_idx
DEBUG:root:Dropping index partsupp_1_prt_p10_ps_suppkey_idx
DEBUG:root:Dropping index supplier_1_prt_p23_s_nationkey_idx
DEBUG:root:Dropping index partsupp_1_prt_p7_ps_supplycost_idx
DEBUG:root:Dropping index supplier_1_prt_p23_s_acctbal_idx
DEBUG:root:Dropping index partsupp_1_prt_p20_ps_supplycost_idx
DEBUG:root:Dropping index partsupp_1_prt_p20_ps_availqty_idx
DEBUG:root:Dropping index supplier_1_prt_p25_s_suppkey_idx
DEBUG:root:Dropping index supplier_1_prt_p6_s_acctbal_idx
DEBUG:root:Dropping index supplier_1_prt_p1_s_nationkey_idx
DEBUG:root:Dropping index supplier_1_prt_p25_s_acctbal_idx
DEBUG:root:Dropping index partsupp_1_prt_p24_ps_supplycost_idx
DEBUG:root:Dropping index supplier_1_prt_p1_s_acctbal_idx
DEBUG:root:Dropping index partsupp_1_prt_p16_ps_supplycost_idx
DEBUG:root:Dropping index partsupp_1_prt_p16_ps_availqty_idx
DEBUG:root:Dropping index supplier_1_prt_p9_s_nationkey_idx
DEBUG:root:Dropping index partsupp_1_prt_p16_ps_suppkey_idx
DEBUG:root:Dropping index supplier_1_prt_p9_s_suppkey_idx
DEBUG:root:Dropping index partsupp_1_prt_p18_ps_partkey_idx
DEBUG:root:Dropping index supplier_1_prt_p25_s_nationkey_idx
DEBUG:root:Dropping index partsupp_1_prt_p18_ps_suppkey_idx
DEBUG:root:Dropping index partsupp_1_prt_p18_ps_availqty_idx
DEBUG:root:Dropping index supplier_1_prt_p4_s_nationkey_idx
DEBUG:root:Dropping index partsupp_1_prt_p9_ps_partkey_idx
DEBUG:root:Dropping index partsupp_1_prt_p2_ps_suppkey_idx
DEBUG:root:Dropping index partsupp_1_prt_p2_ps_availqty_idx
DEBUG:root:Dropping index supplier_1_prt_p3_s_nationkey_idx
DEBUG:root:Dropping index supplier_1_prt_p5_s_acctbal_idx
DEBUG:root:Dropping index supplier_1_prt_p5_s_suppkey_idx
DEBUG:root:Dropping index partsupp_1_prt_p8_ps_suppkey_idx
DEBUG:root:Dropping index partsupp_1_prt_p23_ps_availqty_idx
DEBUG:root:Dropping index partsupp_1_prt_p23_ps_supplycost_idx
DEBUG:root:Dropping index partsupp_1_prt_p23_ps_partkey_idx
DEBUG:root:Dropping index partsupp_1_prt_p4_ps_supplycost_idx
DEBUG:root:Dropping index partsupp_1_prt_p4_ps_suppkey_idx
DEBUG:root:Dropping index partsupp_1_prt_p4_ps_availqty_idx
DEBUG:root:Dropping index partsupp_1_prt_p4_ps_partkey_idx
DEBUG:root:Dropping index supplier_1_prt_p10_s_acctbal_idx
DEBUG:root:Dropping index supplier_1_prt_p5_s_nationkey_idx
DEBUG:root:Dropping index supplier_1_prt_p20_s_acctbal_idx
DEBUG:root:Dropping index supplier_1_prt_p8_s_acctbal_idx
DEBUG:root:Dropping index partsupp_1_prt_p10_ps_availqty_idx
DEBUG:root:Dropping index supplier_1_prt_p16_s_suppkey_idx
DEBUG:root:Dropping index partsupp_1_prt_p19_ps_availqty_idx
DEBUG:root:Dropping index partsupp_1_prt_p19_ps_supplycost_idx
DEBUG:root:Dropping index partsupp_1_prt_p19_ps_partkey_idx
DEBUG:root:Dropping index supplier_1_prt_p15_s_nationkey_idx
DEBUG:root:Dropping index supplier_1_prt_p15_s_suppkey_idx
DEBUG:root:Dropping index supplier_1_prt_p22_s_acctbal_idx
DEBUG:root:Dropping index partsupp_1_prt_p5_ps_availqty_idx
DEBUG:root:Dropping index partsupp_1_prt_p5_ps_suppkey_idx
DEBUG:root:Dropping index partsupp_1_prt_p11_ps_supplycost_idx
DEBUG:root:Dropping index partsupp_1_prt_p11_ps_suppkey_idx
DEBUG:root:Dropping index partsupp_1_prt_p11_ps_partkey_idx
DEBUG:root:Dropping index partsupp_1_prt_p13_ps_suppkey_idx
DEBUG:root:Dropping index supplier_1_prt_p16_s_nationkey_idx
DEBUG:root:Dropping index partsupp_1_prt_p5_ps_partkey_idx
DEBUG:root:Dropping index supplier_1_prt_p0_s_acctbal_idx
DEBUG:root:Dropping index partsupp_1_prt_p24_ps_availqty_idx
INFO:root:Partition algorithm : Casper, partitioning time :146.57624745368958s, partitioned cost : 8397.323999999999, index algorithm : Slalom, index_size :47.21875, cost : 7785.6140000000005, time : 479.8525884151459
INFO:root:Dropping indexes
INFO:root:Postgres: Run `analyze`
INFO:root:Creating partition tables
INFO:root:partitioning the datasets by [(0, 2), (2, 5), (5, 6), (6, 8), (8, 10), (10, 11), (11, 13), (13, 15), (15, 17), (17, 18), (18, 19), (19, 20), (20, 23), (23, 24), (24, 25), (25, 26), (26, 29), (29, 31), (31, 34), (34, 35), (35, 36), (36, 38), (38, 39), (39, 40), (40, 45), (45, 47), (47, 50)]
DEBUG:root:Init selection algorithm
INFO:root:Dropping indexes
DEBUG:root:Init cost evaluation
INFO:root:Cost estimation with actual_runtimes
DEBUG:root:Init WhatIfIndexCreation
INFO:root:Running algorithm {'budget_MB': 500, 'max_index_width': 2, 'partition_num': 27, 'min_cost_improvement': 1.001}
INFO:root:By data skipping index, the number of queries from 191565 to 30036
INFO:root:Calculating best indexes Extend
DEBUG:root:new best cost and size: 7441.694000000001	9.00MB
INFO:root:1.7520194053649902 s, cost :8249.224, index_size: 9.0
DEBUG:root:new best cost and size: 7321.186	9.50MB
INFO:root:88.30212903022766 s, cost :7499.34, index_size: 9.5
DEBUG:root:new best cost and size: 7723.956	4.31MB
INFO:root:16.650325775146484 s, cost :7487.316, index_size: 4.3125
DEBUG:root:new best cost and size: 7611.7959999999985	4.31MB
INFO:root:2.7586233615875244 s, cost :7368.994, index_size: 4.3125
DEBUG:root:Add index. Current cost savings: 10.051, initial 10.051. Current storage: 4.31
DEBUG:root:new best cost and size: 7556.661999999999	13.31MB
INFO:root:3.305657386779785 s, cost :10176.828000000001, index_size: 13.3125
DEBUG:root:new best cost and size: 7417.145999999999	26.41MB
INFO:root:59.15839195251465 s, cost :7166.512, index_size: 26.40625
DEBUG:root:Add index. Current cost savings: 2.557, initial 12.351. Current storage: 26.41
DEBUG:root:new best cost and size: 7114.216	163.28MB
INFO:root:89.85541558265686 s, cost :7152.93, index_size: 163.28125
DEBUG:root:new best cost and size: 7008.29	67.97MB
INFO:root:1.783797025680542 s, cost :7093.797999999999, index_size: 67.96875
DEBUG:root:new best cost and size: 7000.83	67.97MB
INFO:root:1.8231792449951172 s, cost :9303.805999999999, index_size: 67.96875
DEBUG:root:new best cost and size: 7156.878	40.22MB
INFO:root:4.604156732559204 s, cost :7993.392000000001, index_size: 40.21875
DEBUG:root:Add index. Current cost savings: 3.509, initial 15.427. Current storage: 69.19
DEBUG:root:Total cost cache hits:	0
DEBUG:root:Total cost requests:		4508
DEBUG:root:Cost cache hit ratio:	0.0%
INFO:root:Partition algorithm : Casper, partitioning time :146.57624745368958s, partitioned cost : 8397.323999999999, index algorithm : Extend, index_size :35.90625, cost : 7853.294, time : 658.6764550209045
DEBUG:root:Database connector closed: test_database2